witness_ep_left_m0_s0_l2_r2.json: ALL 5 AMBIENT INPUTS HOLD (max class card at u/v/w = 1/1/1)
witness_ep_left_m0_s0_l3_r1.json: ALL 5 AMBIENT INPUTS HOLD (max class card at u/v/w = 1/1/1)
witness_ep_left_m0_s0_l4_r0.json: ALL 5 AMBIENT INPUTS HOLD (max class card at u/v/w = 1/1/1)
witness_ep_left_m0_s1_l1_r2.json: ALL 5 AMBIENT INPUTS HOLD (max class card at u/v/w = 1/1/1)
witness_ep_left_m0_s1_l2_r1.json: ALL 5 AMBIENT INPUTS HOLD (max class card at u/v/w = 1/1/1)
witness_ep_left_m0_s1_l3_r0.json: ALL 5 AMBIENT INPUTS HOLD (max class card at u/v/w = 1/1/1)
witness_ep_left_m1_s0_l1_r2.json: ALL 5 AMBIENT INPUTS HOLD (max class card at u/v/w = 1/1/1)
witness_ep_left_m1_s0_l2_r1.json: ALL 5 AMBIENT INPUTS HOLD (max class card at u/v/w = 1/1/1)
witness_ep_left_m1_s0_l3_r0.json: ALL 5 AMBIENT INPUTS HOLD (max class card at u/v/w = 1/1/1)
witness_ep_left_m1_s1_l1_r1.json: ALL 5 AMBIENT INPUTS HOLD (max class card at u/v/w = 1/1/1)
witness_ep_left_m1_s1_l2_r0.json: ALL 5 AMBIENT INPUTS HOLD (max class card at u/v/w = 1/1/1)
witness_ep_left_m2_s0_l1_r1.json: ALL 5 AMBIENT INPUTS HOLD (max class card at u/v/w = 1/1/1)
witness_ep_left_m2_s0_l2_r0.json: ALL 5 AMBIENT INPUTS HOLD (max class card at u/v/w = 1/1/1)
witness_ep_right_m0_s0_l0_r4.json: ALL 5 AMBIENT INPUTS HOLD (max class card at u/v/w = 1/1/1)
witness_ep_right_m0_s0_l1_r3.json: ALL 5 AMBIENT INPUTS HOLD (max class card at u/v/w = 1/1/1)
witness_ep_right_m0_s0_l2_r2.json: ALL 5 AMBIENT INPUTS HOLD (max class card at u/v/w = 1/1/1)
witness_ep_right_m0_s1_l0_r3.json: ALL 5 AMBIENT INPUTS HOLD (max class card at u/v/w = 1/1/1)
witness_ep_right_m0_s1_l1_r2.json: ALL 5 AMBIENT INPUTS HOLD (max class card at u/v/w = 1/1/1)
witness_ep_right_m0_s1_l2_r1.json: ALL 5 AMBIENT INPUTS HOLD (max class card at u/v/w = 1/1/1)
witness_ep_right_m1_s0_l0_r3.json: ALL 5 AMBIENT INPUTS HOLD (max class card at u/v/w = 1/1/1)
witness_ep_right_m1_s0_l1_r2.json: ALL 5 AMBIENT INPUTS HOLD (max class card at u/v/w = 1/1/1)
witness_ep_right_m1_s0_l2_r1.json: ALL 5 AMBIENT INPUTS HOLD (max class card at u/v/w = 1/1/1)
witness_ep_right_m1_s1_l0_r2.json: ALL 5 AMBIENT INPUTS HOLD (max class card at u/v/w = 1/1/1)
witness_ep_right_m1_s1_l1_r1.json: ALL 5 AMBIENT INPUTS HOLD (max class card at u/v/w = 1/1/1)
witness_ep_right_m2_s0_l0_r2.json: ALL 5 AMBIENT INPUTS HOLD (max class card at u/v/w = 1/1/1)
witness_ep_right_m2_s0_l1_r1.json: ALL 5 AMBIENT INPUTS HOLD (max class card at u/v/w = 1/1/1)
witness_surplus_interior_SI_c-s1_Q2vPu.json: ALL 5 AMBIENT INPUTS HOLD (max class card at u/v/w = 1/1/1)
witness_surplus_opposite_SO_t2_PuQ1.json: ALL 5 AMBIENT INPUTS HOLD (max class card at u/v/w = 4/1/1)

SUMMARY: all witnesses satisfy the five ambient inputs
