V00_W00 witness
V00_W0U witness
V00_W0o1_o1d no-witness-in-menu
V00_W0o1_o1i no-witness-in-menu
V00_WV0 witness
V00_WVU witness
V00_WVo1_o1d no-witness-in-menu
V00_WVo1_o1i witness
V00_Ws0 no-witness-in-menu
V00_WsU witness
V00_Wso1_o1d no-witness-in-menu
V00_Wso1_o1i no-witness-in-menu
V0U_W0U witness
V0U_W0o1_o1d no-witness-in-menu
V0U_W0o1_o1i witness
V0U_WV0 witness
V0U_WVU witness
V0U_WVo1_o1d witness
V0U_WVo1_o1i no-witness-in-menu
V0U_Ws0 no-witness-in-menu
V0U_WsU witness
V0U_Wso1_o1d no-witness-in-menu
V0U_Wso1_o1i no-witness-in-menu
V0o2_W0o1_o2d_o1d no-witness-in-menu
V0o2_W0o1_o2d_o1i no-witness-in-menu
V0o2_W0o1_o2i_o1i KILLED-PROVEN
V0o2_WV0_o2d no-witness-in-menu
V0o2_WV0_o2i no-witness-in-menu
V0o2_WVU_o2d no-witness-in-menu
V0o2_WVU_o2i no-witness-in-menu
V0o2_WVo1_o2d_o1d no-witness-in-menu
V0o2_WVo1_o2d_o1i witness
V0o2_WVo1_o2i_o1d no-witness-in-menu
V0o2_WVo1_o2i_o1i KILLED-PROVEN
V0o2_Ws0_o2d no-witness-in-menu
V0o2_Ws0_o2i no-witness-in-menu
V0o2_WsU_o2d no-witness-in-menu
V0o2_WsU_o2i no-witness-in-menu
V0o2_Wso1_o2d_o1d no-witness-in-menu
V0o2_Wso1_o2d_o1i no-witness-in-menu
V0o2_Wso1_o2i_o1d no-witness-in-menu
V0o2_Wso1_o2i_o1i KILLED-PROVEN
VW0_WV0 witness
VW0_WVU witness
VW0_WVo1_o1d no-witness-in-menu
VW0_WVo1_o1i no-witness-in-menu
VW0_Ws0 no-witness-in-menu
VW0_WsU witness
VW0_Wso1_o1d no-witness-in-menu
VW0_Wso1_o1i no-witness-in-menu
VWU_WVU NEEDS-SPECIAL
VWU_WVo1_o1d witness
VWU_WVo1_o1i no-witness-in-menu
VWU_Ws0 no-witness-in-menu
VWU_WsU witness
VWU_Wso1_o1d no-witness-in-menu
VWU_Wso1_o1i no-witness-in-menu
VWo2_WVo1_o2d_o1d no-witness-in-menu
VWo2_WVo1_o2d_o1i no-witness-in-menu
VWo2_WVo1_o2i_o1i KILLED-PROVEN
VWo2_Ws0_o2d no-witness-in-menu
VWo2_Ws0_o2i witness
VWo2_WsU_o2d no-witness-in-menu
VWo2_WsU_o2i no-witness-in-menu
VWo2_Wso1_o2d_o1d no-witness-in-menu
VWo2_Wso1_o2d_o1i no-witness-in-menu
VWo2_Wso1_o2i_o1d no-witness-in-menu
VWo2_Wso1_o2i_o1i KILLED-PROVEN
Vs0_Ws0_sshared no-witness-in-menu
Vs0_Ws0_ssep no-witness-in-menu
Vs0_WsU_sshared no-witness-in-menu
Vs0_WsU_ssep no-witness-in-menu
Vs0_Wso1_o1d_sshared no-witness-in-menu
Vs0_Wso1_o1d_ssep no-witness-in-menu
Vs0_Wso1_o1i_sshared no-witness-in-menu
Vs0_Wso1_o1i_ssep no-witness-in-menu
VsU_WsU_sshared no-witness-in-menu
VsU_WsU_ssep witness
VsU_Wso1_o1d_sshared no-witness-in-menu
VsU_Wso1_o1d_ssep no-witness-in-menu
VsU_Wso1_o1i_sshared no-witness-in-menu
VsU_Wso1_o1i_ssep no-witness-in-menu
Vso2_Wso1_o2d_o1d_sshared no-witness-in-menu
Vso2_Wso1_o2d_o1d_ssep no-witness-in-menu
Vso2_Wso1_o2d_o1i_sshared no-witness-in-menu
Vso2_Wso1_o2d_o1i_ssep no-witness-in-menu
Vso2_Wso1_o2i_o1i_ssep KILLED-PROVEN
