c --- [ banner ] -------------------------------------------------------------
c 
c CaDiCaL SAT Solver
c Copyright (c) 2016-2025
c A. Biere, M. Fleury, N. Froleyks, K. Fazekas, F. Pollitt, T. Faller
c JKU Linz, University of Freiburg, TU Wien
c 
c Version 3.0.0 7b99c07f0bcab5824a5a3ce62c7066554017f641
c Apple clang version 21.0.0 (clang-2100.0.123.102) -Wall -Wextra -O3 -DNDEBUG -DNCLOSEFROM
c Thu Apr 23 22:35:47 PDT 2026 Darwin dada-mun-26.local 25.4.0 arm64
c 
c --- [ limit ] --------------------------------------------------------------
c 
c setting time limit to 300 seconds real time (due to '-t 300')
c 
c --- [ proof tracing ] ------------------------------------------------------
c 
c opening file to write 'scratch/atail-force/uniform-cycle-coverage-audit/n11_a1_minimal0.drat'
c writing binary proof trace to 'scratch/atail-force/uniform-cycle-coverage-audit/n11_a1_minimal0.drat'
c 
c --- [ parsing input ] ------------------------------------------------------
c 
c reading DIMACS file from 'scratch/atail-force/uniform-cycle-coverage-audit/n11_a1_minimal0.cnf'
c opening file to read 'scratch/atail-force/uniform-cycle-coverage-audit/n11_a1_minimal0.cnf'
c found 'p cnf 242 190921' header
c parsed 190921 clauses in 0.05 seconds process time
c 
c --- [ options ] ------------------------------------------------------------
c 
c all options are set to their default value
c 
c --- [ solving ] ------------------------------------------------------------
c 
c time measured in process time since initialization
c 
c  seconds  reduction conflicts       size tier2       variables
c         MB    restarts   redundant    glue  trail        remaining
c          level     rate       size/glu tier1  irredundant
c 
c *  0.05  0  0 0   0  0    0    0 0.0 0 0 2 6  0% 190879 200 83%
c (  0.05  0  0 0   0  0    0    0 0.0 0 0 2 6  0% 190879 200 83%
c .  0.06  0  0 0   0  0    0    0 0.0 0 0 2 6  0% 190879 200 83%
c f  0.07  0  0 0   0  0    0    0 0.0 0 0 2 6  0% 188638 364 150%
c e  0.08  0  0 0   0  0    0    0 0.0 0 0 2 6  0% 188344 224 93%
c P  0.09  0  0 0   0  0    0    0 0.0 0 0 2 6  0% 188344 224 93%
c )  0.09  0  0 0   0  0    0    0 0.0 0 0 2 6  0% 188344 224 93%
c {  0.09  0  0 0   0  0    0    0 0.0 0 0 2 6  0% 188344 224 93%
c -  0.09  0 76 1   6  2  303  102 1.4 14 10 2 6 49% 188344 224 93%
c -  0.11  0 41 2  14  2  858  276 1.4 14 10 2 6 42% 188344 224 93%
c }  0.11  0 39 2  14  2 1003  391 1.4 14 10 2 6 42% 188344 224 93%
c [  0.11  0  0 2  14  0 1003  391 0.0 0 0 2 6  0% 188344 224 93%
c O  0.11  0 17 2  14 18 1004  392 1.2 15 12 2 6 37% 188344 224 93%
c ]  0.12  0 17 2  14  1 1560  809 1.4 16 11 2 6 35% 188344 224 93%
c {  0.12  0 39 2  14  2 1560  809 1.4 14 10 2 6 42% 188344 224 93%
c -  0.13  0 34 3  17  2 1792  473 1.4 14 10 2 6 40% 188344 224 93%
c O  0.16  0 27 3  59  2 3005 1468 1.5 14 10 2 6 49% 188344 224 93%
c }  0.17  0 27 3  61  2 3035 1496 1.5 14 10 2 6 49% 188344 224 93%
c [  0.17  0 17 3  61  1 3035 1496 1.4 16 11 2 6 63% 188344 224 93%
c -  0.18  0 17 4  61  1 3140  743 1.4 16 11 2 6 62% 188344 224 93%
c 
c  seconds  reduction conflicts       size   tier2       variables
c         MB    restarts   redundant     glue   trail        remaining
c          level     rate       size/glue  tier1  irredundant
c 
c -  0.21  0 19 5  63  1 4924  902 1.4 17 12 2 6 54% 188344 224 93%
c ]  0.22  0 19 5  63  1 5726 1524 1.4 17 12 9 14 54% 188344 224 93%
c {  0.22  0 27 5  63  2 5726 1524 1.5 14 10 2 6 49% 188344 224 93%
c #  0.23  0 26 5  94  2 6006 1773 1.5 14 10 2 6 48% 188344 224 93%
c -  0.26  0 25 6 175  2 7162 2234 1.5 14 10 8 11 49% 188344 224 93%
c -  0.34  0 23 7 357  2 9858 3898 1.5 15 10 8 11 50% 188344 224 93%
c B  0.34  0 23 7 360  2 10010 4024 1.5 15 10 8 11 50% 188344 224 93%
c }  0.34  0 23 7 370  2 10073 4084 1.5 15 10 8 11 50% 188344 224 93%
c [  0.34  0 19 7 370  1 10073 4084 1.4 17 12 9 14 54% 188344 224 93%
c -  0.39  0 19 8 372  1 13022 4689 1.4 18 13 9 14 53% 188344 224 93%
c I  0.41  0 20 8 373  1 15011 6294 1.4 18 13 8 15 53% 188344 224 93%
c -  0.44  0 21 9 374  1 16658 5536 1.4 18 13 8 15 52% 188344 224 93%
c ]  0.47  0 20 9 374  1 19073 7347 1.4 18 13 8 15 51% 188344 224 93%
c {  0.47  0 23 9 374  2 19073 7347 1.5 15 10 8 11 50% 188344 224 93%
c s  0.49  0 23 9 432  2 19798 7950 1.5 15 10 8 11 50% 187737 224 93%
c s  0.50  0 23 9 432  2 19798 7950 1.5 15 10 8 11 50% 187370 224 93%
c -  0.53  0 22 10 476  2 20770 6984 1.5 15 10 8 11 49% 187370 224 93%
c W  0.56  0 22 10 480  2 21014 7169 1.5 15 10 8 11 49% 187370 224 93%
c -  0.64  0 21 11 605  2 25357 9239 1.5 15 10 8 12 48% 187370 224 93%
c f  0.67  0 21 11 605  2 25357 9239 1.5 15 10 8 12 45% 187348 240 99%
c 
c  seconds  reductions  conflicts        size   tier2        variables
c         MB     restarts     redundant     glue    trail        remaining
c          level      rate         size/glue  tier1   irredundant
c 
c F  0.70  0 21 11 714  2 28015 11400 1.5 15 10 8 12 45% 187348 240 99%
c }  0.72  0 21 11 789  2 29093 12325 1.5 15 10 8 12 46% 187348 240 99%
c [  0.72  0 20 11 789  1 29093 12325 1.4 18 13 8 15 47% 187348 240 99%
c -  0.75  0 20 12 790  1 30422 11803 1.4 18 13 8 15 48% 187348 240 99%
c -  0.83  0 21 13 794  1 35970 12773 1.4 18 13 8 15 47% 187348 240 99%
c B  0.83  0 21 13 794  1 36022 12812 1.4 18 13 8 15 47% 187348 240 99%
c -  0.90  0 21 14 796  1 42005 13750 1.4 18 13 8 15 48% 187348 240 99%
c ]  0.93  0 20 14 797  1 44655 15815 1.4 18 13 8 15 48% 187348 240 99%
c {  0.93  0 21 14 797  2 44655 15815 1.5 15 10 8 12 46% 187348 240 99%
c B  0.95  0 21 14 822  2 45023 16145 1.5 15 10 8 12 46% 187348 240 99%
c -  1.00  0 21 15 930  2 48529 16547 1.5 15 10 8 12 46% 187348 240 99%
c W  1.15  0 21 15 1292  2 55025 21836 1.5 15 10 8 12 46% 187348 240 99%
c -  1.18  0 21 16 1325  2 55538 19627 1.5 15 10 8 12 46% 187348 240 99%
c s  1.26  0 21 16 1558  2 58631 22258 1.5 15 10 8 12 46% 186553 240 99%
c e  1.27  0 21 16 1558  2 58631 22258 1.5 15 10 8 12 46% 186552 230 95%
c s  1.28  0 21 16 1558  2 58631 22258 1.5 15 10 8 12 46% 186028 230 95%
c }  1.30  0 21 16 1573  2 58938 22500 1.5 15 10 8 12 46% 186028 230 95%
c [  1.30  0 20 16 1573  1 58938 22500 1.4 18 13 8 15 48% 186028 230 95%
c -  1.36  0 20 17 1573  1 63036 21560 1.4 18 13 8 15 49% 186028 230 95%
c W  1.43  0 20 17 1574  1 66026 23916 1.4 18 13 8 15 49% 186028 230 95%
c 
c  seconds  reductions   conflicts        size   tier2        variables
c         MB     restarts      redundant     glue    trail        remaining
c          level       rate         size/glue  tier1   irredundant
c 
c -  1.53  0 21 18 1577  1 71004 22723 1.4 18 13 8 14 50% 186028 230 95%
c u  1.54  0 21 18 1577  1 71004 22714 1.4 18 13 8 14 50% 186028 230 95%
c v  1.55  0 21 18 1577  1 71004 22691 1.4 18 13 8 14 50% 186028 230 95%
c w  1.55  0 21 18 1577  1 71004 22679 1.4 18 13 8 14 50% 186028 230 95%
c x  1.56  0 21 18 1577  1 71004 22679 1.4 18 13 8 14 50% 186022 230 95%
c ]  1.62  0 21 18 1579  1 74239 25168 1.4 18 13 8 14 50% 186022 230 95%
c {  1.62  0 21 18 1579  2 74239 25168 1.5 15 10 8 12 46% 186022 230 95%
c #  1.68  0 20 18 1659  2 78027 28108 1.5 15 10 8 12 46% 186022 230 95%
c -  1.74  0 20 19 1791  2 79462 24988 1.5 15 10 8 12 46% 186022 230 95%
c -  1.96  0 20 20 2282  2 88408 28558 1.5 15 10 8 12 45% 186022 230 95%
c B  2.03  0 20 20 2532  2 91031 30737 1.5 15 10 8 12 45% 186022 230 95%
c }  2.03  0 20 20 2560  2 91175 30864 1.5 15 10 8 12 45% 186022 230 95%
c [  2.03  0 21 20 2560  1 91175 30864 1.4 18 13 8 14 50% 186022 230 95%
c -  2.14  0 22 21 2564  1 97845 31161 1.4 19 13 8 14 50% 186022 230 95%
c O  2.25  0 22 21 2568  1 105032 37000 1.4 19 14 8 14 51% 186022 230 95%
c -  2.30  0 22 22 2568  1 107773 31464 1.4 19 14 8 14 51% 186022 230 95%
c ]  2.41  0 22 22 2569  1 114523 36743 1.4 19 14 8 14 51% 186022 230 95%
c {  2.41  0 20 22 2569  2 114523 36743 1.5 15 10 8 12 45% 186022 230 95%
c s  2.46  0 20 22 2696  2 116590 38444 1.5 15 10 8 12 45% 185057 230 95%
c s  2.48  0 20 22 2696  2 116590 38444 1.5 15 10 8 12 45% 184162 230 95%
c 
c  seconds  reductions   conflicts         size   tier2        variables
c         MB     restarts       redundant     glue    trail        remaining
c          level       rate          size/glue  tier1   irredundant
c 
c -  2.55  0 20 23 2827  2 118192 33269 1.5 15 10 8 12 45% 184162 230 95%
c W  2.64  0 20 23 2846  2 120033 34695 1.5 15 10 8 12 45% 184162 230 95%
c -  2.86  0 20 24 3267  2 129067 37847 1.5 15 10 8 12 45% 184162 230 95%
c u  2.91  0 20 24 3267  2 129067 37837 1.5 15 10 8 12 45% 184162 230 95%
c v  2.91  0 20 24 3267  2 129067 37780 1.5 15 10 8 12 45% 184162 230 95%
c w  2.92  0 20 24 3267  2 129067 37734 1.5 15 10 8 12 45% 184162 230 95%
c }  3.08  0 20 24 3599  2 135788 43290 1.5 15 10 8 12 45% 184162 230 95%
c [  3.08  0 22 24 3599  1 135788 43290 1.4 19 14 8 14 51% 184162 230 95%
c B  3.08  0 22 24 3599  1 136034 43497 1.4 19 14 8 14 51% 184162 230 95%
c -  3.17  0 23 25 3600  1 140429 41058 1.4 19 14 8 15 51% 184162 230 95%
c -  3.38  0 23 26 3600  1 152283 41807 1.4 20 14 8 15 52% 184162 230 95%
c W  3.44  0 23 26 3600  1 153037 42428 1.4 20 14 8 15 52% 184162 230 95%
c ]  3.59  0 23 26 3606  1 162112 49969 1.4 20 14 8 15 52% 184162 230 95%
c {  3.59  0 20 26 3606  2 162112 49969 1.5 15 10 8 12 45% 184162 230 95%
c -  3.69  0 20 27 3783  2 164625 44192 1.5 15 10 8 12 45% 184162 230 95%
c F  3.83  0 20 27 4141  2 171040 49488 1.5 16 10 8 12 45% 184162 230 95%
c -  3.99  0 20 28 4437  2 177458 49488 1.5 16 10 8 12 45% 184162 230 95%
c }  4.24  0 20 28 4902  2 187242 57772 1.5 16 10 8 12 45% 184162 230 95%
c [  4.24  0 23 28 4902  1 187242 57772 1.4 20 14 8 15 52% 184162 230 95%
c I  4.29  0 23 28 4903  1 190041 60061 1.4 20 14 8 15 51% 184162 230 95%
c 
c  seconds  reductions   conflicts         size   tier2        variables
c         MB     restarts       redundant     glue    trail        remaining
c          level       rate          size/glue  tier1   irredundant
c 
c -  4.32  0 23 29 4903  1 190781 54850 1.4 20 14 8 15 51% 184162 230 95%
c u  4.34  0 23 29 4903  1 190781 54842 1.4 20 14 8 15 51% 184162 230 95%
c v  4.35  0 23 29 4903  1 190781 54818 1.4 20 14 8 15 51% 184162 230 95%
c w  4.35  0 23 29 4903  1 190781 54808 1.4 20 14 8 15 51% 184162 230 95%
c -  4.59  0 23 30 4910  1 204595 57110 1.4 20 14 8 15 51% 184162 230 95%
c B  4.72  0 23 30 4911  1 210043 61532 1.4 20 14 8 15 51% 184162 230 95%
c -  4.90  0 24 31 4914  1 218903 58822 1.4 20 14 8 15 51% 184162 230 95%
c ]  4.93  0 24 31 4916  1 220527 60071 1.4 20 14 8 15 51% 184162 230 95%
c {  4.93  0 20 31 4916  2 220527 60071 1.5 16 10 8 12 45% 184162 230 95%
c B  5.28  0 20 31 5614  2 231047 69160 1.5 16 10 8 12 46% 184162 230 95%
c -  5.39  0 20 32 5857  2 233700 63812 1.5 16 10 8 12 46% 184162 230 95%
c }  5.74  0 20 32 6635  2 242692 71421 1.5 16 11 8 12 46% 184162 230 95%
c [  5.74  0 24 32 6635  1 242692 71421 1.4 20 14 8 15 51% 184162 230 95%
c -  5.86  0 23 33 6637  1 248989 68334 1.4 20 14 8 15 50% 184162 230 95%
c u  5.90  0 23 33 6637  1 248989 68315 1.4 20 14 8 15 50% 184162 230 95%
c v  5.91  0 23 33 6637  1 248989 68292 1.4 20 14 8 15 50% 184162 230 95%
c w  5.92  0 23 33 6637  1 248989 68276 1.4 20 14 8 15 50% 184162 230 95%
c W  6.13  0 23 33 6640  1 253051 71671 1.4 20 14 8 15 50% 184162 230 95%
c -  6.42  0 23 34 6645  1 264772 70379 1.4 20 14 8 15 50% 184162 230 95%
c ]  6.67  0 23 34 6646  1 275817 78874 1.4 20 14 8 14 50% 184162 230 95%
c 
c  seconds  reductions   conflicts         size   tier2        variables
c         MB     restarts       redundant     glue    trail        remaining
c          level       rate          size/glue  tier1   irredundant
c 
c {  6.67  0 20 34 6646  2 275817 78874 1.5 16 11 8 12 46% 184162 230 95%
c W  6.72  0 20 34 6669  2 276052 79071 1.5 16 11 8 12 46% 184162 230 95%
c -  6.91  0 20 35 6989  2 281047 72690 1.5 16 11 8 12 46% 184162 230 95%
c -  7.58  0 20 36 8106  2 297815 79310 1.5 16 11 8 12 45% 184162 230 95%
c u  7.61  0 20 36 8106  2 297815 79297 1.5 16 11 8 12 45% 184162 230 95%
c v  7.63  0 20 36 8106  2 297815 79278 1.5 16 11 8 12 45% 184162 230 95%
c w  7.63  0 20 36 8106  2 297815 79266 1.5 16 11 8 12 45% 184162 230 95%
c #  7.71  0 20 36 8213  2 300058 81193 1.5 16 11 8 12 45% 184162 230 95%
c }  7.79  0 20 36 8300  2 302990 83634 1.5 16 11 8 12 45% 184162 230 95%
c [  7.79  0 23 36 8300  1 302990 83634 1.4 20 14 8 14 50% 184162 230 95%
c -  8.06  0 23 37 8300  1 315077 83187 1.4 20 14 8 14 50% 184162 230 95%
c O  8.32  0 22 37 8301  1 325060 90774 1.4 20 14 8 14 50% 184162 230 95%
c -  8.49  0 22 38 8301  1 332830 84803 1.4 19 14 8 14 50% 184162 230 95%
c ]  8.76  0 21 38 8301  1 345050 94187 1.4 19 14 8 14 49% 184162 230 95%
c {  8.76  0 20 38 8301  2 345050 94187 1.5 16 11 8 12 45% 184162 230 95%
c B  9.03  0 20 38 8736  2 351061 99280 1.5 16 11 8 12 45% 184162 230 95%
c -  9.05  0 20 39 8739  2 351077 89029 1.5 16 11 8 12 45% 184162 230 95%
c u  9.08  0 20 39 8739  2 351077 89023 1.5 16 11 8 12 45% 184162 230 95%
c v  9.09  0 20 39 8739  2 351077 89012 1.5 16 11 8 12 45% 184162 230 95%
c w  9.09  0 20 39 8739  2 351077 89007 1.5 16 11 8 12 45% 184162 230 95%
c 
c  seconds  reductions   conflicts         size   tier2        variables
c         MB     restarts       redundant     glue    trail        remaining
c          level       rate          size/glue  tier1   irredundant
c 
c -  9.83  0 20 40 9941  2 369817 95032 1.5 16 11 8 12 45% 184162 230 95%
c } 10.05  0 20 40 10268  2 374380 98922 1.5 16 11 8 12 45% 184162 230 95%
c [ 10.05  0 21 40 10268  1 374380 98922 1.4 19 14 8 14 49% 184162 230 95%
c B 10.13  0 21 40 10268  1 378065 101896 1.4 19 14 8 14 49% 184162 230 95%
c - 10.39  0 22 41 10275  1 389053 98634 1.4 20 14 8 14 50% 184162 230 95%
c W 10.99  0 23 41 10283  1 406066 112421 1.4 20 14 7 14 50% 184162 230 95%
c - 11.10  0 23 42 10283  1 408782 98853 1.4 20 14 7 14 50% 184162 230 95%
c u 11.14  0 23 42 10283  1 408782 98836 1.4 20 14 7 14 50% 184162 230 95%
c v 11.15  0 23 42 10283  1 408782 98816 1.4 20 14 7 14 50% 184162 230 95%
c w 11.16  0 23 42 10283  1 408782 98806 1.4 20 14 7 14 50% 184162 230 95%
c ] 11.36  0 23 42 10288  1 418951 107154 1.4 20 14 7 14 50% 184162 230 95%
c { 11.36  0 20 42 10288  2 418951 107154 1.5 16 11 8 12 45% 184162 230 95%
c - 11.88  0 19 43 10916  2 429004 102813 1.5 16 11 8 12 45% 184162 230 95%
c W 12.24  0 19 43 11334  2 435068 107934 1.5 16 11 8 12 45% 184162 230 95%
c } 12.88  0 19 43 12170  2 449045 119669 1.5 16 11 8 12 45% 184162 230 95%
c [ 12.88  0 23 43 12170  1 449045 119669 1.4 20 14 7 14 50% 184162 230 95%
c - 12.91  0 23 44 12171  1 449720 110554 1.4 20 14 7 14 50% 184162 230 95%
c u 12.95  0 23 44 12171  1 449720 110536 1.4 20 14 7 14 50% 184162 230 95%
c v 12.96  0 23 44 12171  1 449720 110517 1.4 20 14 7 14 50% 184162 230 95%
c w 12.97  0 23 44 12171  1 449720 110501 1.4 20 14 7 14 50% 184162 230 95%
c 
c  seconds  reductions    conflicts          size   tier2        variables
c         MB      restarts       redundant      glue    trail        remaining
c          level        rate           size/glue  tier1   irredundant
c 
c I 13.33  0 23 44 12179  1 465070 123011 1.4 20 14 7 14 50% 184162 230 95%
c - 13.45  0 24 45 12180  1 470932 113565 1.4 20 14 7 14 50% 184162 230 95%
c - 13.98  0 24 46 12181  1 492637 115675 1.4 20 14 7 14 49% 184162 230 95%
c B 14.08  0 24 46 12183  1 496071 118419 1.4 20 14 7 14 49% 184162 230 95%
c ] 14.24  0 24 46 12187  1 502464 123811 1.4 20 14 7 14 50% 184162 230 95%
c { 14.24  0 19 46 12187  2 502464 123811 1.5 16 11 8 12 45% 184162 230 95%
c - 14.95  0 19 47 13153  2 514841 120267 1.5 16 11 8 12 45% 184162 230 95%
c u 15.01  0 19 47 13153  2 514841 120235 1.5 16 11 8 12 45% 184162 230 95%
c v 15.02  0 19 47 13153  2 514841 120224 1.5 16 11 8 12 45% 184162 230 95%
c w 15.03  0 19 47 13153  2 514841 120220 1.5 16 11 8 12 45% 184162 230 95%
c F 15.56  0 19 47 13693  2 528072 131203 1.5 16 11 8 12 45% 184162 230 95%
c - 15.91  0 19 48 13961  2 537536 91224 1.5 16 11 6 11 45% 184162 230 95%
c } 16.02  0 19 48 14137  2 541322 94350 1.5 16 11 6 11 45% 184162 230 95%
c [ 16.02  0 24 48 14137  1 541322 94350 1.4 20 14 7 14 50% 184162 230 95%
c - 16.39  0 23 49 14146  1 560725 85578 1.4 20 14 7 14 49% 184162 230 95%
c u 16.42  0 23 49 14146  1 560725 85563 1.4 20 14 7 14 49% 184162 230 95%
c v 16.43  0 23 49 14146  1 560725 85545 1.4 20 14 7 14 49% 184162 230 95%
c x 16.44  0 23 49 14146  1 560725 85538 1.4 20 14 7 14 49% 184155 230 95%
c s 16.46  0 23 49 14146  1 560725 85538 1.4 20 14 7 14 49% 180284 230 95%
c s 16.50  0 23 49 14146  1 560725 85538 1.4 20 14 7 14 49% 178739 230 95%
c 
c  seconds  reductions    conflicts         size   tier2        variables
c         MB      restarts       redundant     glue    trail        remaining
c          level        rate          size/glue  tier1   irredundant
c 
c W 16.74  0 23 49 14146  1 561073 85819 1.4 20 14 7 14 49% 178739 230 95%
c - 17.37  0 24 50 14157  1 584409 81105 1.4 20 14 7 14 49% 178739 230 95%
c O 17.62  0 24 50 14161  1 595075 89560 1.4 20 14 7 14 49% 178739 230 95%
c ] 17.84  0 23 50 14162  1 605441 97271 1.4 20 14 7 14 49% 178739 230 95%
c { 17.84  0 19 50 14162  2 605441 97271 1.5 16 11 6 11 45% 178739 230 95%
c - 18.00  0 19 51 14357  2 608340 79107 1.5 16 11 6 11 45% 178739 230 95%
c u 18.03  0 19 51 14357  2 608340 79088 1.5 16 11 6 11 45% 178739 230 95%
c v 18.04  0 19 51 14357  2 608340 79066 1.5 16 11 6 11 45% 178739 230 95%
c w 18.05  0 19 51 14357  2 608340 79062 1.5 16 11 6 11 45% 178739 230 95%
c B 18.76  0 19 51 15408  2 630076 97053 1.5 16 11 6 11 45% 178739 230 95%
c - 18.92  0 19 52 15690  2 632758 86173 1.5 16 11 6 11 45% 178739 230 95%
c } 19.86  0 19 52 17370  2 655674 105196 1.5 16 11 6 11 45% 178739 230 95%
c [ 19.86  0 23 52 17370  1 655674 105196 1.4 20 14 7 14 49% 178739 230 95%
c - 19.92  0 23 53 17370  1 657659 93679 1.4 20 14 7 14 49% 178739 230 95%
c u 19.96  0 23 53 17370  1 657659 93661 1.4 20 14 7 14 49% 178739 230 95%
c v 19.97  0 23 53 17370  1 657659 93617 1.4 20 14 7 14 49% 178739 230 95%
c w 19.98  0 23 53 17370  1 657659 93607 1.4 20 14 7 14 49% 178739 230 95%
c B 20.15  0 23 53 17370  1 666077 100750 1.4 20 14 7 14 49% 178739 230 95%
c - 20.56  0 23 54 17371  1 683047 93513 1.4 20 14 7 14 49% 178739 230 95%
c W 21.24  0 24 54 17372  1 703081 109851 1.4 20 14 7 14 49% 178739 230 95%
c 
c  seconds  reductions    conflicts         size   tier2        variables
c         MB      restarts       redundant     glue    trail        remaining
c          level        rate          size/glue  tier1   irredundant
c 
c - 21.41  0 24 55 17372  1 708920 91260 1.4 20 14 7 14 49% 178739 230 95%
c u 21.44  0 24 55 17372  1 708920 91248 1.4 20 14 7 14 49% 178739 230 95%
c v 21.45  0 24 55 17372  1 708920 91234 1.4 20 14 7 14 49% 178739 230 95%
c w 21.46  0 24 55 17372  1 708920 91229 1.4 20 14 7 14 49% 178739 230 95%
c ] 21.96  0 23 55 17372  1 729483 107598 1.4 20 15 7 14 50% 178739 230 95%
c { 21.96  0 19 55 17372  2 729483 107598 1.5 16 11 6 11 45% 178739 230 95%
c - 22.24  0 19 56 17810  2 735278 92021 1.5 16 11 6 11 44% 178739 230 95%
c W 22.55  0 19 56 18236  2 741084 96888 1.5 16 11 6 11 44% 178739 230 95%
c - 23.46  0 19 57 19554  2 762124 99212 1.5 16 11 6 11 44% 178739 230 95%
c u 23.51  0 19 57 19554  2 762124 99194 1.5 16 11 6 11 44% 178739 230 95%
c v 23.53  0 19 57 19554  2 762124 99167 1.5 16 11 6 11 44% 178739 230 95%
c w 23.54  0 19 57 19554  2 762124 99162 1.5 16 11 6 11 44% 178739 230 95%
c # 24.32  0 19 57 20653  2 780089 114033 1.5 16 11 6 11 44% 178739 230 95%
c } 24.33  0 19 57 20661  2 780134 114065 1.5 16 11 6 11 44% 178739 230 95%
c [ 24.33  0 23 57 20661  1 780134 114065 1.4 20 15 7 14 50% 178739 230 95%
c - 24.53  0 23 58 20661  1 789453 105991 1.4 20 14 7 14 50% 178739 230 95%
c - 25.25  0 22 59 20661  1 817267 104019 1.4 20 14 7 14 50% 178739 230 95%
c u 25.28  0 22 59 20661  1 817267 104003 1.4 20 14 7 14 50% 178739 230 95%
c v 25.29  0 22 59 20661  1 817267 103985 1.4 20 14 7 14 50% 178739 230 95%
c w 25.29  0 22 59 20661  1 817267 103981 1.4 20 14 7 14 50% 178739 230 95%
c 
c  seconds  reductions    conflicts          size   tier2        variables
c         MB      restarts       redundant      glue    trail        remaining
c          level        rate           size/glue  tier1   irredundant
c 
c x 25.31  0 22 59 20661  1 817267 103981 1.4 20 14 7 14 50% 178738 230 95%
c ^ 25.38  0 22 59 20661  1 817267 103981 1.4 20 14 7 14 50% 178738 230 95%
c I 25.46  0 22 59 20661  1 820091 106240 1.4 20 14 7 14 50% 178738 230 95%
c - 25.99  0 22 60 20675  1 845567 105503 1.4 20 14 7 14 50% 178738 230 95%
c B 26.32  0 23 60 20681  1 861094 118597 1.5 20 14 7 13 50% 178738 230 95%
c ] 26.49  0 23 60 20684  1 868134 124133 1.4 20 14 7 13 50% 178738 230 95%
c { 26.49  0 19 60 20684  2 868134 124133 1.5 16 11 6 11 44% 178738 230 95%
c - 26.70  0 18 61 20803  2 874353 109178 1.5 16 11 6 11 44% 178738 230 95%
c u 26.74  0 18 61 20803  2 874353 109164 1.5 16 11 6 11 44% 178738 230 95%
c v 26.75  0 18 61 20803  2 874353 109155 1.5 16 11 6 11 44% 178738 230 95%
c w 26.76  0 18 61 20803  2 874353 109150 1.5 16 11 6 11 44% 178738 230 95%
c B 27.85  0 18 61 22112  2 903097 132370 1.5 16 11 6 11 44% 178738 230 95%
c - 27.92  0 18 62 22177  2 903625 115225 1.5 16 11 6 11 44% 178738 230 95%
c } 29.06  0 18 62 23905  2 930246 137275 1.5 16 11 5 11 44% 178738 230 95%
c [ 29.06  0 23 62 23905  1 930246 137275 1.4 20 14 7 13 50% 178738 230 95%
c e 29.17  0 23 62 23907  1 932492 138940 1.4 20 14 7 13 50% 178754 214 88%
c s 29.21  0 23 62 23907  1 932492 138940 1.4 20 14 7 13 50% 178467 214 88%
c - 29.28  0 23 63 23907  1 933382 103878 1.4 20 14 7 13 50% 178467 214 88%
c u 29.34  0 23 63 23907  1 933382 103860 1.4 20 14 7 13 50% 178467 214 88%
c v 29.36  0 23 63 23907  1 933382 103831 1.4 20 14 7 13 50% 178467 214 88%
c 
c  seconds  reductions    conflicts          size   tier2        variables
c         MB      restarts       redundant      glue    trail        remaining
c          level        rate           size/glue  tier1   irredundant
c 
c w 29.37  0 23 63 23907  1 933382 103826 1.4 20 14 7 13 50% 178467 214 88%
c f 29.37  0 23 63 23907  1 933382 103826 1.4 20 14 7 13 50% 178458 217 90%
c W 29.95  0 23 63 23912  1 946099 114001 1.4 20 14 7 13 50% 178458 217 90%
c - 30.39  0 23 64 23913  1 963609 96775 1.4 20 14 7 13 50% 178458 217 90%
c O 31.08  0 23 64 23927  1 990100 118234 1.4 20 14 7 14 50% 178458 217 90%
c - 31.21  0 23 65 23928  1 994321 90200 1.4 20 14 7 14 50% 178458 217 90%
c u 31.24  0 23 65 23928  1 994321 90182 1.4 20 14 7 14 50% 178458 217 90%
c v 31.26  0 23 65 23928  1 994321 90154 1.4 20 14 7 14 50% 178458 217 90%
c w 31.26  0 23 65 23928  1 994321 90142 1.4 20 14 7 14 50% 178458 217 90%
c ] 31.90  0 23 65 23940  1 1020467 110350 1.4 20 14 7 14 50% 178458 217 90%
c { 31.90  0 18 65 23940  2 1020467 110350 1.5 16 11 5 11 44% 178458 217 90%
c - 32.13  0 18 66 24342  2 1025520 89208 1.5 16 11 5 11 44% 178458 217 90%
c W 32.63  0 18 66 24970  2 1035101 97292 1.5 16 11 5 11 44% 178458 217 90%
c - 33.83  0 18 67 27016  2 1057205 97055 1.5 16 11 5 11 43% 178458 217 90%
c u 33.88  0 18 67 27016  2 1057205 97031 1.5 16 11 5 11 43% 178458 217 90%
c v 33.90  0 18 67 27016  2 1057205 97003 1.5 16 11 5 11 43% 178458 217 90%
c w 33.91  0 18 67 27016  2 1057205 96988 1.5 16 11 5 11 43% 178458 217 90%
c s 34.44  0 18 67 27874  2 1068347 106357 1.5 16 11 5 11 43% 178202 217 90%
c e 34.46  0 18 67 27874  2 1068347 106356 1.5 16 11 5 11 43% 178204 215 89%
c s 34.50  0 18 67 27874  2 1068347 106356 1.5 16 11 5 11 43% 178005 215 89%
c 
c  seconds  reductions     conflicts          size   tier2        variables
c         MB      restarts        redundant      glue    trail        remaining
c          level        rate            size/glue  tier1   irredundant
c 
c } 35.14  0 18 67 28743  2 1080799 116767 1.5 16 11 5 11 43% 178005 215 89%
c [ 35.14  0 23 67 28743  1 1080799 116767 1.4 20 14 7 14 50% 178005 215 89%
c B 35.15  0 23 67 28743  1 1081102 117028 1.4 20 14 7 14 50% 178005 215 89%
c - 35.37  0 23 68 28746  1 1089375 103706 1.4 20 14 7 14 50% 178005 215 89%
c u 35.41  0 23 68 28746  1 1089375 103694 1.4 20 14 7 14 50% 178005 215 89%
c v 35.43  0 23 68 28746  1 1089375 103679 1.4 20 14 7 14 50% 178005 215 89%
c w 35.43  0 23 68 28746  1 1089375 103673 1.4 20 14 7 14 50% 178005 215 89%
c f 35.44  0 23 68 28746  1 1089375 103673 1.4 20 14 7 14 50% 178002 216 89%
c - 36.29  0 22 69 28748  1 1122006 103019 1.4 20 14 7 14 50% 178002 216 89%
c W 36.64  0 23 69 28748  1 1128104 108243 1.4 20 14 7 14 51% 178002 216 89%
c - 37.35  0 23 70 28754  1 1155122 98579 1.4 21 15 7 14 50% 178002 216 89%
c u 37.38  0 23 70 28754  1 1155122 98570 1.4 21 15 7 14 50% 178002 216 89%
c v 37.38  0 23 70 28754  1 1155122 98552 1.4 21 15 7 14 50% 178002 216 89%
c w 37.39  0 23 70 28754  1 1155122 98550 1.4 21 15 7 14 50% 178002 216 89%
c x 37.41  0 23 70 28754  1 1155122 98550 1.4 21 15 7 14 50% 177999 216 89%
c ] 37.85  0 23 70 28762  1 1172637 112336 1.4 21 15 7 14 50% 177999 216 89%
c { 37.85  0 18 70 28762  2 1172637 112336 1.5 16 11 5 11 43% 177999 216 89%
c F 38.01  0 18 70 29030  2 1176105 115124 1.5 16 11 5 11 43% 177999 216 89%
c - 38.71  0 18 71 30045  2 1188720 99501 1.5 16 11 5 11 43% 177999 216 89%
c u 38.74  0 18 71 30045  2 1188720 99486 1.5 16 11 5 11 43% 177999 216 89%
c 
c  seconds  reductions     conflicts         size   tier2        variables
c         MB      restarts        redundant     glue    trail        remaining
c          level        rate           size/glue  tier1   irredundant
c 
c v 38.75  0 18 71 30045  2 1188720 99471 1.5 16 11 5 11 43% 177999 216 89%
c w 38.76  0 18 71 30045  2 1188720 99461 1.5 16 11 5 11 43% 177999 216 89%
c - 39.99  0 18 72 31603  2 1222804 108298 1.5 16 11 5 11 42% 177999 216 89%
c s 40.06  0 18 72 31621  2 1223441 108833 1.5 16 11 5 11 42% 177906 216 89%
c s 40.12  0 18 72 31621  2 1223441 108833 1.5 16 11 5 11 42% 177858 216 89%
c B 40.17  0 18 72 31641  2 1225106 110274 1.5 16 11 5 11 43% 177858 216 89%
c - 41.01  0 19 73 32846  2 1257373 115963 1.5 16 11 5 11 43% 177858 216 89%
c u 41.05  0 19 73 32846  2 1257373 115957 1.5 16 11 5 11 43% 177858 216 89%
c v 41.07  0 19 73 32846  2 1257373 115940 1.5 16 11 5 11 43% 177858 216 89%
c w 41.08  0 19 73 32846  2 1257373 115932 1.5 16 11 5 11 43% 177858 216 89%
c } 41.36  0 19 73 33326  2 1271034 127126 1.5 16 11 5 11 43% 177858 216 89%
c [ 41.36  0 23 73 33326  1 1271034 127126 1.4 21 15 7 14 50% 177858 216 89%
c I 41.49  0 23 73 33327  1 1275108 130310 1.4 21 15 7 14 50% 177858 216 89%
c - 41.87  0 23 74 33334  1 1292416 116707 1.4 21 14 7 14 49% 177858 216 89%
c B 42.66  0 22 74 33343  1 1326113 143537 1.4 20 14 7 14 48% 177858 216 89%
c - 42.72  0 23 75 33343  1 1327944 111987 1.4 20 14 7 14 48% 177858 216 89%
c u 42.86  0 23 75 33343  1 1327944 111975 1.4 20 14 7 14 48% 177858 216 89%
c v 42.87  0 23 75 33343  1 1327944 111956 1.4 20 14 7 14 48% 177858 216 89%
c w 42.88  0 23 75 33343  1 1327944 111946 1.4 20 14 7 14 48% 177858 216 89%
c - 43.76  0 22 76 33358  1 1363957 112886 1.4 20 14 7 14 48% 177858 216 89%
c 
c  seconds  reductions     conflicts          size   tier2        variables
c         MB      restarts        redundant      glue    trail        remaining
c          level        rate            size/glue  tier1   irredundant
c 
c W 44.51  0 21 76 33366  1 1378116 123433 1.4 20 14 7 14 48% 177858 216 89%
c ] 44.77  0 21 76 33372  1 1387750 131109 1.4 20 14 7 14 48% 177858 216 89%
c { 44.77  0 19 76 33372  2 1387750 131109 1.5 16 11 5 11 43% 177858 216 89%
c - 45.23  0 19 77 34012  2 1400455 116355 1.5 16 11 5 11 43% 177858 216 89%
c u 45.28  0 19 77 34012  2 1400455 116335 1.5 16 11 5 11 43% 177858 216 89%
c v 45.30  0 19 77 34012  2 1400455 116322 1.5 16 11 5 11 43% 177858 216 89%
c w 45.31  0 19 77 34012  2 1400455 116315 1.5 16 11 5 11 43% 177858 216 89%
c W 46.36  0 19 77 35655  2 1431120 142226 1.5 16 11 5 11 44% 177858 216 89%
c - 46.65  0 19 78 36061  2 1437441 121670 1.5 16 11 5 11 44% 177858 216 89%
c - 47.58  0 19 79 37454  2 1474910 127993 1.5 16 11 5 11 44% 177858 216 89%
c u 47.62  0 19 79 37454  2 1474910 127978 1.5 16 11 5 11 44% 177858 216 89%
c v 47.63  0 19 79 37454  2 1474910 127961 1.5 16 11 5 11 44% 177858 216 89%
c w 47.64  0 19 79 37454  2 1474910 127957 1.5 16 11 5 11 44% 177858 216 89%
c # 47.99  0 19 79 38047  2 1485123 136615 1.5 16 11 5 11 44% 177858 216 89%
c - 48.78  0 19 80 39309  2 1512863 132598 1.5 16 11 5 11 44% 177858 216 89%
c } 48.80  0 19 80 39327  2 1513122 132828 1.5 16 11 5 11 44% 177858 216 89%
c [ 48.80  0 21 80 39327  1 1513122 132828 1.4 20 14 7 14 48% 177858 216 89%
c O 49.38  0 21 80 39329  1 1540124 153995 1.5 20 14 7 14 48% 177858 216 89%
c - 49.63  0 21 81 39330  1 1551303 130415 1.5 20 14 7 14 48% 177858 216 89%
c u 49.68  0 21 81 39330  1 1551303 130402 1.5 20 14 7 14 48% 177858 216 89%
c 
c  seconds  reductions     conflicts          size   tier2        variables
c         MB      restarts        redundant      glue    trail        remaining
c          level        rate            size/glue  tier1   irredundant
c 
c v 49.70  0 21 81 39330  1 1551303 130376 1.5 20 14 7 14 48% 177858 216 89%
c w 49.71  0 21 81 39330  1 1551303 130371 1.5 20 14 7 14 48% 177858 216 89%
c - 50.82  0 21 82 39331  1 1590226 124552 1.5 20 14 6 13 48% 177858 216 89%
c u 50.86  0 21 82 39331  1 1590226 124540 1.5 20 14 6 13 48% 177858 216 89%
c v 50.86  0 21 82 39331  1 1590226 124528 1.5 20 14 6 13 48% 177858 216 89%
c w 50.87  0 21 82 39331  1 1590226 124525 1.5 20 14 6 13 48% 177858 216 89%
c B 51.04  0 21 82 39331  1 1596125 129388 1.4 20 14 6 13 48% 177858 216 89%
c ] 51.81  0 23 82 39331  1 1626061 155291 1.5 21 14 6 13 49% 177858 216 89%
c { 51.81  0 19 82 39331  2 1626061 155291 1.5 16 11 5 11 44% 177858 216 89%
c - 52.03  0 19 83 39597  2 1629637 123586 1.5 16 11 5 11 44% 177858 216 89%
c B 53.05  0 19 83 41020  2 1653128 142956 1.5 16 11 5 11 43% 177858 216 89%
c - 53.60  0 19 84 42058  2 1669531 130997 1.5 16 11 5 11 43% 177858 216 89%
c u 53.67  0 19 84 42058  2 1669531 130980 1.5 16 11 5 11 43% 177858 216 89%
c v 53.69  0 19 84 42058  2 1669531 130958 1.5 16 11 5 11 43% 177858 216 89%
c w 53.70  0 19 84 42058  2 1669531 130948 1.5 16 11 5 11 43% 177858 216 89%
c - 54.88  0 19 85 43807  2 1709910 139888 1.5 16 11 5 11 43% 177858 216 89%
c W 55.39  0 19 85 43913  2 1711129 140907 1.5 16 11 5 11 43% 177858 216 89%
c } 56.43  0 19 85 45684  2 1744406 168340 1.5 16 11 5 11 43% 177858 216 89%
c [ 56.43  0 23 85 45684  1 1744406 168340 1.5 21 14 6 13 49% 177858 216 89%
c - 56.65  0 22 86 45684  1 1750774 143877 1.5 21 14 6 13 49% 177858 216 89%
c 
c  seconds  reductions     conflicts          size   tier2        variables
c         MB      restarts        redundant      glue    trail        remaining
c          level        rate            size/glue  tier1   irredundant
c 
c u 56.72  0 22 86 45684  1 1750774 143861 1.5 21 14 6 13 49% 177858 216 89%
c v 56.74  0 22 86 45684  1 1750774 143833 1.5 21 14 6 13 49% 177858 216 89%
c w 56.75  0 22 86 45684  1 1750774 143827 1.5 21 14 6 13 49% 177858 216 89%
c W 57.28  0 23 86 45685  1 1770132 159690 1.5 21 14 6 13 48% 177858 216 89%
c - 57.86  0 24 87 45685  1 1792125 138986 1.4 21 15 6 13 48% 177858 216 89%
c I 58.88  0 24 87 45685  1 1830135 169199 1.4 21 15 6 13 48% 177858 216 89%
c - 58.98  0 24 88 45685  1 1833961 131189 1.4 21 15 6 13 48% 177858 216 89%
c u 59.03  0 24 88 45685  1 1833961 131174 1.4 21 15 6 13 48% 177858 216 89%
c v 59.05  0 24 88 45685  1 1833961 131157 1.4 21 15 6 13 48% 177858 216 89%
c w 59.06  0 24 88 45685  1 1833961 131146 1.4 21 15 6 13 48% 177858 216 89%
c ] 59.88  0 24 88 45685  1 1867133 158338 1.4 21 15 6 13 49% 177858 216 89%
c { 59.88  0 19 88 45685  2 1867133 158338 1.5 16 11 5 11 43% 177858 216 89%
c - 60.30  0 19 89 46200  2 1876283 133152 1.5 16 11 5 11 43% 177858 216 89%
c u 60.34  0 19 89 46200  2 1876283 133144 1.5 16 11 5 11 43% 177858 216 89%
c v 60.35  0 19 89 46200  2 1876283 133126 1.5 16 11 5 11 43% 177858 216 89%
c w 60.35  0 19 89 46200  2 1876283 133123 1.5 16 11 5 11 43% 177858 216 89%
c F 60.90  0 19 89 47027  2 1891138 145644 1.5 16 11 5 11 43% 177858 216 89%
c - 62.24  0 19 90 48953  2 1919090 141851 1.5 16 11 5 11 43% 177858 216 89%
c u 62.29  0 19 90 48953  2 1919090 141836 1.5 16 11 5 11 43% 177858 216 89%
c v 62.30  0 19 90 48953  2 1919090 141824 1.5 16 11 5 11 43% 177858 216 89%
c 
c  seconds  reductions     conflicts          size   tier2        variables
c         MB      restarts        redundant      glue    trail        remaining
c          level        rate            size/glue  tier1   irredundant
c 
c w 62.31  0 19 90 48953  2 1919090 141819 1.5 16 11 5 11 43% 177858 216 89%
c B 63.74  0 19 90 50650  2 1953139 169953 1.5 16 11 5 11 43% 177858 216 89%
c - 63.96  0 18 91 50940  2 1962384 150803 1.5 16 11 5 11 43% 177858 216 89%
c u 64.00  0 18 91 50940  2 1962384 150796 1.5 16 11 5 11 43% 177858 216 89%
c v 64.02  0 18 91 50940  2 1962384 150786 1.5 16 11 5 11 43% 177858 216 89%
c w 64.02  0 18 91 50940  2 1962384 150784 1.5 16 11 5 11 43% 177858 216 89%
c } 64.58  0 19 91 51822  2 1984350 168820 1.5 16 11 5 11 43% 177858 216 89%
c [ 64.58  0 24 91 51822  1 1984350 168820 1.4 21 15 6 13 49% 177858 216 89%
c - 65.02  0 23 92 51822  1 2006163 153907 1.4 21 14 6 13 49% 177858 216 89%
c B 65.26  0 24 92 51825  1 2016144 162404 1.5 21 14 6 13 49% 177858 216 89%
c - 66.18  0 24 93 51840  1 2050429 147257 1.4 21 15 6 13 49% 177858 216 89%
c u 66.24  0 24 93 51840  1 2050429 147238 1.4 21 15 6 13 49% 177858 216 89%
c v 66.26  0 24 93 51840  1 2050429 147223 1.4 21 15 6 13 49% 177858 216 89%
c w 66.27  0 24 93 51840  1 2050429 147217 1.4 21 15 6 13 49% 177858 216 89%
c W 67.59  0 22 93 51852  1 2080145 168821 1.4 21 15 6 13 48% 177858 216 89%
c - 67.97  0 23 94 51853  1 2095179 138107 1.4 21 15 6 13 48% 177858 216 89%
c ] 68.95  0 23 94 51874  1 2139775 172299 1.4 21 15 6 13 48% 177858 216 89%
c { 68.95  0 19 94 51874  2 2139775 172299 1.5 16 11 5 11 43% 177858 216 89%
c - 69.00  0 19 95 51900  2 2140424 137233 1.5 16 11 5 11 43% 177858 216 89%
c u 69.04  0 19 95 51900  2 2140424 137221 1.5 16 11 5 11 43% 177858 216 89%
c 
c  seconds  reductions     conflicts          size   tier2        variables
c         MB      restarts        redundant      glue    trail        remaining
c          level        rate            size/glue  tier1   irredundant
c 
c v 69.05  0 19 95 51900  2 2140424 137210 1.5 16 11 5 11 43% 177858 216 89%
c w 69.06  0 19 95 51900  2 2140424 137209 1.5 16 11 5 11 43% 177858 216 89%
c x 69.08  0 19 95 51900  2 2140424 137209 1.5 16 11 5 11 43% 177853 216 89%
c s 69.16  0 19 95 51900  2 2140424 137209 1.5 16 11 5 11 43% 177709 216 89%
c s 69.26  0 19 95 51900  2 2140424 137209 1.5 16 11 5 11 43% 176656 216 89%
c W 69.48  0 19 95 51972  2 2145148 140976 1.5 16 11 5 11 43% 176656 216 89%
c - 70.70  0 19 96 53807  2 2186145 147948 1.5 16 11 5 11 43% 176656 216 89%
c # 71.46  0 19 96 55166  2 2211150 168791 1.5 16 11 5 11 43% 176656 216 89%
c - 72.17  0 19 97 56345  2 2232243 161659 1.5 16 11 5 11 43% 176656 216 89%
c u 72.24  0 19 97 56345  2 2232243 161636 1.5 16 11 5 11 43% 176656 216 89%
c v 72.26  0 19 97 56345  2 2232243 161619 1.5 16 11 5 11 43% 176656 216 89%
c w 72.27  0 19 97 56345  2 2232243 161609 1.5 16 11 5 11 43% 176656 216 89%
c B 74.04  0 19 97 58847  2 2278152 200133 1.5 16 11 5 11 43% 176656 216 89%
c } 74.04  0 19 97 58849  2 2278162 200142 1.5 16 11 5 11 43% 176656 216 89%
c 1 74.04  0 19 97 58849  2 2278162 200142 1.5 16 11 5 11 43% 176656 216 89%
c 
c --- [ closing proof ] ------------------------------------------------------
c 
c DRAT proof file 'scratch/atail-force/uniform-cycle-coverage-audit/n11_a1_minimal0.drat' closed
c DRAT 2262190 added clauses 52.14%
c DRAT 2076271 deleted clauses 47.86%
c DRAT 116924374 bytes (111.51 MB)
c 
c --- [ result ] -------------------------------------------------------------
c 
s SATISFIABLE
v -1 -2 3 -4 5 -6 -7 -8 -9 10 11 -12 -13 -14 15 -16 17 -18 19 -20 -21 22 23
v -24 -25 26 27 -28 -29 -30 31 -32 -33 -34 35 36 -37 -38 39 -40 -41 42 -43 -44
v 45 -46 47 -48 -49 -50 51 -52 -53 54 -55 -56 57 -58 59 -60 -61 62 63 -64 -65
v -66 -67 -68 -69 -70 71 72 -73 74 75 -76 -77 -78 79 -80 -81 -82 83 84 -85 -86
v 87 -88 -89 -90 91 92 -93 -94 95 -96 -97 -98 99 100 -101 -102 -103 104 -105
v -106 107 -108 -109 110 111 112 -113 -114 -115 -116 -117 -118 119 120 -121
v -122 -123 124 -125 -126 -127 -128 -129 -130 -131 -132 -133 -134 -135 -136
v -137 -138 -139 -140 -141 -142 143 -144 -145 -146 -147 148 -149 -150 -151
v -152 -153 -154 -155 -156 -157 -158 -159 160 -161 -162 -163 -164 -165 -166
v -167 -168 -169 -170 -171 172 -173 -174 -175 -176 -177 -178 -179 180 -181
v -182 -183 -184 -185 -186 -187 -188 -189 -190 -191 -192 -193 -194 195 -196
v -197 -198 -199 -200 -201 -202 -203 -204 205 -206 -207 -208 -209 -210 -211
v -212 213 -214 -215 -216 -217 -218 -219 -220 -221 -222 -223 -224 225 -226
v -227 -228 -229 -230 -231 -232 -233 -234 -235 -236 -237 -238 -239 -240 241
v -242 0
c 
c --- [ run-time profiling ] -------------------------------------------------
c 
c process time taken by individual solving procedures
c (percentage relative to process time for solving)
c 
c        69.95   94.54% search
c        38.16   51.57% unstable
c        28.32   38.28% stable
c         4.04    5.46% simplify
c         3.47    4.68% walk
c         2.15    2.90% vivify
c         0.54    0.72% subsume
c         0.51    0.69% sweep
c         0.22    0.30% probe
c         0.17    0.23% elim
c         0.07    0.09% congruence
c         0.05    0.07% parse
c         0.05    0.06% ternary
c         0.03    0.05% preprocess
c         0.03    0.04% factor
c         0.01    0.01% fastelim
c         0.00    0.01% lucky
c         0.00    0.00% backbone
c   =================================
c        73.99   99.93% solve
c 
c last line shows process time for solving
c (percentage relative to total process time)
c 
c --- [ statistics ] ---------------------------------------------------------
c 
c chronological:            234969        10.31 %  of conflicts
c conflicts:               2278162     30789.96    per second
c backbone:                  95721     22469.72 %  of vars
c decisions:               3146806     42529.91    per second
c eliminated:                  168        39.44 %  of all variables
c factored:                    184        75.10 %  of variables
c fixed:                        42         9.86 %  of all variables
c learned:                 2183523        95.85 %  per conflict
c learned_lits:           46980608       100.00 %  learned literals
c minimized:                     0         0.00 %  learned literals
c shrunken:                4223911         8.99 %  learned literals
c minishrunken:            2412604         5.14 %  learned literals
c otfs:                      74495         3.27 %  of conflict
c propagations:           31861689         0.43 M  per second
c reduced:                 1652702        72.55 %  per conflict
c rephased:                     67     34002.42    interval
c restarts:                  58849        38.71    interval
c stabilizing:                  21        52.49 %  of conflicts
c subsumed:                 341506        14.36 %  of all clauses
c strengthened:              75064         3.16 %  of all clauses
c ticks:                6442989249       204.32    propagation
c vivified:                    976         0.04 %  of all clauses
c walked:                       21    108483.90    interval
c weakened:                    735         4.22    average size
c congruence:                   13    175243.23    interval
c 
c seconds are measured in process time for solving
c 
c --- [ glue usage ] ---------------------------------------------------------
c 
c focused glue 5 used 169561 clauses 5.944% accumulated 55.13% tier1
c focused glue 6 used 152934 clauses 5.361% accumulated 60.49%
c focused glue 7-9 used 480754 clauses 16.85% accumulated 77.35%
c focused glue 10 used 146154 clauses 5.123% accumulated 82.47%
c focused glue 11 used 127487 clauses 4.469% accumulated 86.94% tier2
c 
c stable glue 6 used 335762 clauses 7.123% accumulated 50.12% tier1
c stable glue 7 used 322623 clauses 6.844% accumulated 56.97%
c stable glue 8-11 used 933976 clauses 19.81% accumulated 76.78%
c stable glue 12 used 160382 clauses 3.402% accumulated 80.19%
c stable glue 13 used 142015 clauses 3.012% accumulated 83.20% tier2
c 
c 
c --- [ resources ] ----------------------------------------------------------
c 
c total process time since initialization:        74.04    seconds
c total real time since initialization:           74.10    seconds
c maximum resident set size of process:       554928.00    MB
c 
c --- [ shutting down ] ------------------------------------------------------
c 
c exit 10
