[gate] info: 3/100 sampled cubes also satisfy the full census constraint set (one-hit included); constraint set NOT gated here
  idx   2: mine=C_EMPTY                  ref=C_EMPTY
  idx   1: mine=NO_VALID_REAL            ref=NO_VALID_REAL
  idx   0: mine=NO_VALID_REAL            ref=NO_VALID_REAL
  idx   4: mine=C_EMPTY                  ref=C_EMPTY
  idx   7: mine=C_EMPTY                  ref=C_EMPTY
  idx   5: mine=C_EMPTY                  ref=C_EMPTY
  idx   9: mine=C_EMPTY                  ref=C_EMPTY
  idx   8: mine=C_EMPTY                  ref=C_EMPTY
  idx  10: mine=NO_VALID_REAL            ref=NO_VALID_REAL
  idx  14: mine=NO_VALID_REAL            ref=NO_VALID_REAL
  idx  15: mine=NO_VALID_REAL            ref=NO_VALID_REAL
  idx  11: mine=C_EMPTY                  ref=C_EMPTY
  idx  19: mine=C_EMPTY                  ref=C_EMPTY
  idx  12: mine=NO_VALID_REAL            ref=NO_VALID_REAL
  idx  20: mine=C_EMPTY                  ref=C_EMPTY
  idx  22: mine=C_EMPTY                  ref=C_EMPTY
  idx  18: mine=C_EMPTY                  ref=C_EMPTY
  idx   3: mine=NO_VALID_REAL            ref=NO_VALID_REAL
  idx   6: mine=NO_VALID_REAL            ref=NO_VALID_REAL
  idx  17: mine=C_EMPTY                  ref=C_EMPTY
  idx  25: mine=C_EMPTY                  ref=C_EMPTY
  idx  27: mine=NO_VALID_REAL            ref=NO_VALID_REAL
  idx  28: mine=C_EMPTY                  ref=C_EMPTY
  idx  29: mine=C_EMPTY                  ref=C_EMPTY
  idx  30: mine=NO_VALID_REAL            ref=NO_VALID_REAL
  idx  13: mine=C_EMPTY                  ref=C_EMPTY
  idx  33: mine=C_EMPTY                  ref=C_EMPTY
  idx  31: mine=NO_VALID_REAL            ref=NO_VALID_REAL
  idx  35: mine=C_EMPTY                  ref=C_EMPTY
  idx  36: mine=C_EMPTY                  ref=C_EMPTY
  idx  37: mine=NO_VALID_REAL            ref=NO_VALID_REAL
  idx  32: mine=C_EMPTY                  ref=C_EMPTY
  idx  34: mine=NO_VALID_REAL            ref=NO_VALID_REAL
  idx  38: mine=C_EMPTY                  ref=C_EMPTY
  idx  23: mine=NO_VALID_REAL            ref=NO_VALID_REAL
  idx  41: mine=C_EMPTY                  ref=C_EMPTY
  idx  42: mine=C_EMPTY                  ref=C_EMPTY
  idx  39: mine=C_EMPTY                  ref=C_EMPTY
  idx  43: mine=NO_VALID_REAL            ref=NO_VALID_REAL
  idx  44: mine=C_EMPTY                  ref=C_EMPTY
  idx  40: mine=NO_VALID_REAL            ref=NO_VALID_REAL
  idx  47: mine=NO_VALID_REAL            ref=NO_VALID_REAL
  idx  26: mine=NO_VALID_REAL            ref=NO_VALID_REAL
  idx  48: mine=NO_VALID_REAL            ref=NO_VALID_REAL
  idx  46: mine=C_EMPTY                  ref=C_EMPTY
  idx  52: mine=C_EMPTY                  ref=C_EMPTY
  idx  51: mine=NO_VALID_REAL            ref=NO_VALID_REAL
  idx  49: mine=NO_VALID_REAL            ref=NO_VALID_REAL
  idx  54: mine=C_EMPTY                  ref=C_EMPTY
  idx  56: mine=C_EMPTY                  ref=C_EMPTY
  idx  55: mine=NO_VALID_REAL            ref=NO_VALID_REAL
  idx  53: mine=NO_VALID_REAL            ref=NO_VALID_REAL
  idx  50: mine=C_EMPTY                  ref=C_EMPTY
  idx  59: mine=C_EMPTY                  ref=C_EMPTY
  idx  58: mine=NO_VALID_REAL            ref=NO_VALID_REAL
  idx  62: mine=NO_VALID_REAL            ref=NO_VALID_REAL
  idx  63: mine=C_EMPTY                  ref=C_EMPTY
  idx  57: mine=NO_VALID_REAL            ref=NO_VALID_REAL
  idx  64: mine=C_EMPTY                  ref=C_EMPTY
  idx  66: mine=C_EMPTY                  ref=C_EMPTY
  idx  65: mine=NO_VALID_REAL            ref=NO_VALID_REAL
  idx  68: mine=NO_VALID_REAL            ref=NO_VALID_REAL
  idx  67: mine=NO_VALID_REAL            ref=NO_VALID_REAL
  idx  69: mine=C_EMPTY                  ref=C_EMPTY
  idx  71: mine=C_EMPTY                  ref=C_EMPTY
  idx  61: mine=NO_VALID_REAL            ref=NO_VALID_REAL
  idx  72: mine=NO_VALID_REAL            ref=NO_VALID_REAL
  idx  73: mine=C_EMPTY                  ref=C_EMPTY
  idx  75: mine=C_EMPTY                  ref=C_EMPTY
  idx  76: mine=NO_VALID_REAL            ref=NO_VALID_REAL
  idx  74: mine=C_EMPTY                  ref=C_EMPTY
  idx  21: mine=C_EMPTY                  ref=C_EMPTY
  idx  79: mine=NO_VALID_REAL            ref=NO_VALID_REAL
  idx  80: mine=NO_VALID_REAL            ref=NO_VALID_REAL
  idx  78: mine=C_EMPTY                  ref=C_EMPTY
  idx  81: mine=C_EMPTY                  ref=C_EMPTY
  idx  83: mine=C_EMPTY                  ref=C_EMPTY
  idx  82: mine=NO_VALID_REAL            ref=NO_VALID_REAL
  idx  84: mine=NO_VALID_REAL            ref=NO_VALID_REAL
  idx  24: mine=C_EMPTY                  ref=C_EMPTY
  idx  86: mine=NO_VALID_REAL            ref=NO_VALID_REAL
  idx  87: mine=C_EMPTY                  ref=C_EMPTY
  idx  88: mine=C_EMPTY                  ref=C_EMPTY
  idx  89: mine=C_EMPTY                  ref=C_EMPTY
  idx  90: mine=C_EMPTY                  ref=C_EMPTY
  idx  85: mine=C_EMPTY                  ref=C_EMPTY
  idx  91: mine=C_EMPTY                  ref=C_EMPTY
  idx  93: mine=C_EMPTY                  ref=C_EMPTY
  idx  92: mine=NO_VALID_REAL            ref=NO_VALID_REAL
  idx  94: mine=C_EMPTY                  ref=C_EMPTY
  idx  96: mine=C_EMPTY                  ref=C_EMPTY
  idx  98: mine=C_EMPTY                  ref=C_EMPTY
  idx  95: mine=C_EMPTY                  ref=C_EMPTY
  idx  97: mine=NO_VALID_REAL            ref=NO_VALID_REAL
  idx  99: mine=C_EMPTY                  ref=C_EMPTY
  idx  70: mine=NO_VALID_REAL            ref=NO_VALID_REAL
  idx  60: mine=NO_VALID_REAL            ref=NO_VALID_REAL
  idx  77: mine=NO_VALID_REAL            ref=TIMEOUT
  idx  16: mine=C_EMPTY                  ref=C_EMPTY
  idx  45: mine=NO_VALID_REAL            ref=NO_VALID_REAL

[gate] semantic comparisons: 99 rows (ref TIMEOUT rows re-decided: 1)
[gate] ref-TIMEOUT idx 77: engine verdict NO_VALID_REAL (base_dim=4, sat_dim=-1)
[gate] PASS 99/99 exact verdict+base_dim+forced_pairs matches
