/Users/adam/projects/math-projects/erdos-97-96-formalization/scratch/atail-force/bank-clean-lean-certificate/compact-fallback/LambdaKxFine/N072MergePart00.lean:22:64: warning: Used `tac1 <;> tac2` where `(tac1; tac2)` would suffice

Note: This linter can be disabled with `set_option linter.unnecessarySeqFocus false`
/Users/adam/projects/math-projects/erdos-97-96-formalization/scratch/atail-force/bank-clean-lean-certificate/compact-fallback/LambdaKxFine/N072MergePart00.lean:27:64: warning: Used `tac1 <;> tac2` where `(tac1; tac2)` would suffice

Note: This linter can be disabled with `set_option linter.unnecessarySeqFocus false`
/Users/adam/projects/math-projects/erdos-97-96-formalization/scratch/atail-force/bank-clean-lean-certificate/compact-fallback/LambdaKxFine/N072MergePart00.lean:32:64: warning: Used `tac1 <;> tac2` where `(tac1; tac2)` would suffice

Note: This linter can be disabled with `set_option linter.unnecessarySeqFocus false`
/Users/adam/projects/math-projects/erdos-97-96-formalization/scratch/atail-force/bank-clean-lean-certificate/compact-fallback/LambdaKxFine/N072MergePart00.lean:37:64: warning: Used `tac1 <;> tac2` where `(tac1; tac2)` would suffice

Note: This linter can be disabled with `set_option linter.unnecessarySeqFocus false`
/Users/adam/projects/math-projects/erdos-97-96-formalization/scratch/atail-force/bank-clean-lean-certificate/compact-fallback/LambdaKxFine/N072MergePart00.lean:42:64: warning: Used `tac1 <;> tac2` where `(tac1; tac2)` would suffice

Note: This linter can be disabled with `set_option linter.unnecessarySeqFocus false`
/Users/adam/projects/math-projects/erdos-97-96-formalization/scratch/atail-force/bank-clean-lean-certificate/compact-fallback/LambdaKxFine/N072MergePart00.lean:47:64: warning: Used `tac1 <;> tac2` where `(tac1; tac2)` would suffice

Note: This linter can be disabled with `set_option linter.unnecessarySeqFocus false`
/Users/adam/projects/math-projects/erdos-97-96-formalization/scratch/atail-force/bank-clean-lean-certificate/compact-fallback/LambdaKxFine/N072MergePart00.lean:52:64: warning: Used `tac1 <;> tac2` where `(tac1; tac2)` would suffice

Note: This linter can be disabled with `set_option linter.unnecessarySeqFocus false`
/Users/adam/projects/math-projects/erdos-97-96-formalization/scratch/atail-force/bank-clean-lean-certificate/compact-fallback/LambdaKxFine/N072MergePart00.lean:57:64: warning: Used `tac1 <;> tac2` where `(tac1; tac2)` would suffice

Note: This linter can be disabled with `set_option linter.unnecessarySeqFocus false`
/Users/adam/projects/math-projects/erdos-97-96-formalization/scratch/atail-force/bank-clean-lean-certificate/compact-fallback/LambdaKxFine/N072MergePart00.lean:62:64: warning: Used `tac1 <;> tac2` where `(tac1; tac2)` would suffice

Note: This linter can be disabled with `set_option linter.unnecessarySeqFocus false`
/Users/adam/projects/math-projects/erdos-97-96-formalization/scratch/atail-force/bank-clean-lean-certificate/compact-fallback/LambdaKxFine/N072MergePart00.lean:67:64: warning: Used `tac1 <;> tac2` where `(tac1; tac2)` would suffice

Note: This linter can be disabled with `set_option linter.unnecessarySeqFocus false`
/Users/adam/projects/math-projects/erdos-97-96-formalization/scratch/atail-force/bank-clean-lean-certificate/compact-fallback/LambdaKxFine/N072MergePart00.lean:72:64: warning: Used `tac1 <;> tac2` where `(tac1; tac2)` would suffice

Note: This linter can be disabled with `set_option linter.unnecessarySeqFocus false`
/Users/adam/projects/math-projects/erdos-97-96-formalization/scratch/atail-force/bank-clean-lean-certificate/compact-fallback/LambdaKxFine/N072MergePart00.lean:77:64: warning: Used `tac1 <;> tac2` where `(tac1; tac2)` would suffice

Note: This linter can be disabled with `set_option linter.unnecessarySeqFocus false`
/Users/adam/projects/math-projects/erdos-97-96-formalization/scratch/atail-force/bank-clean-lean-certificate/compact-fallback/LambdaKxFine/N072MergePart00.lean:82:64: warning: Used `tac1 <;> tac2` where `(tac1; tac2)` would suffice

Note: This linter can be disabled with `set_option linter.unnecessarySeqFocus false`
/Users/adam/projects/math-projects/erdos-97-96-formalization/scratch/atail-force/bank-clean-lean-certificate/compact-fallback/LambdaKxFine/N072MergePart00.lean:87:64: warning: Used `tac1 <;> tac2` where `(tac1; tac2)` would suffice

Note: This linter can be disabled with `set_option linter.unnecessarySeqFocus false`
/Users/adam/projects/math-projects/erdos-97-96-formalization/scratch/atail-force/bank-clean-lean-certificate/compact-fallback/LambdaKxFine/N072MergePart00.lean:92:64: warning: Used `tac1 <;> tac2` where `(tac1; tac2)` would suffice

Note: This linter can be disabled with `set_option linter.unnecessarySeqFocus false`
/Users/adam/projects/math-projects/erdos-97-96-formalization/scratch/atail-force/bank-clean-lean-certificate/compact-fallback/LambdaKxFine/N072MergePart00.lean:97:64: warning: Used `tac1 <;> tac2` where `(tac1; tac2)` would suffice

Note: This linter can be disabled with `set_option linter.unnecessarySeqFocus false`
/Users/adam/projects/math-projects/erdos-97-96-formalization/scratch/atail-force/bank-clean-lean-certificate/compact-fallback/LambdaKxFine/N072MergePart00.lean:102:64: warning: Used `tac1 <;> tac2` where `(tac1; tac2)` would suffice

Note: This linter can be disabled with `set_option linter.unnecessarySeqFocus false`
/Users/adam/projects/math-projects/erdos-97-96-formalization/scratch/atail-force/bank-clean-lean-certificate/compact-fallback/LambdaKxFine/N072MergePart00.lean:107:64: warning: Used `tac1 <;> tac2` where `(tac1; tac2)` would suffice

Note: This linter can be disabled with `set_option linter.unnecessarySeqFocus false`
/Users/adam/projects/math-projects/erdos-97-96-formalization/scratch/atail-force/bank-clean-lean-certificate/compact-fallback/LambdaKxFine/N072MergePart00.lean:112:64: warning: Used `tac1 <;> tac2` where `(tac1; tac2)` would suffice

Note: This linter can be disabled with `set_option linter.unnecessarySeqFocus false`
/Users/adam/projects/math-projects/erdos-97-96-formalization/scratch/atail-force/bank-clean-lean-certificate/compact-fallback/LambdaKxFine/N072MergePart00.lean:117:64: warning: Used `tac1 <;> tac2` where `(tac1; tac2)` would suffice

Note: This linter can be disabled with `set_option linter.unnecessarySeqFocus false`
/Users/adam/projects/math-projects/erdos-97-96-formalization/scratch/atail-force/bank-clean-lean-certificate/compact-fallback/LambdaKxFine/N072MergePart00.lean:122:64: warning: Used `tac1 <;> tac2` where `(tac1; tac2)` would suffice

Note: This linter can be disabled with `set_option linter.unnecessarySeqFocus false`
/Users/adam/projects/math-projects/erdos-97-96-formalization/scratch/atail-force/bank-clean-lean-certificate/compact-fallback/LambdaKxFine/N072MergePart00.lean:127:89: warning: Used `tac1 <;> tac2` where `(tac1; tac2)` would suffice

Note: This linter can be disabled with `set_option linter.unnecessarySeqFocus false`
/Users/adam/projects/math-projects/erdos-97-96-formalization/scratch/atail-force/bank-clean-lean-certificate/compact-fallback/LambdaKxFine/N072MergePart00.lean:132:89: warning: Used `tac1 <;> tac2` where `(tac1; tac2)` would suffice

Note: This linter can be disabled with `set_option linter.unnecessarySeqFocus false`
/Users/adam/projects/math-projects/erdos-97-96-formalization/scratch/atail-force/bank-clean-lean-certificate/compact-fallback/LambdaKxFine/N072MergePart00.lean:137:64: warning: Used `tac1 <;> tac2` where `(tac1; tac2)` would suffice

Note: This linter can be disabled with `set_option linter.unnecessarySeqFocus false`
/Users/adam/projects/math-projects/erdos-97-96-formalization/scratch/atail-force/bank-clean-lean-certificate/compact-fallback/LambdaKxFine/N072MergePart00.lean:142:64: warning: Used `tac1 <;> tac2` where `(tac1; tac2)` would suffice

Note: This linter can be disabled with `set_option linter.unnecessarySeqFocus false`
/Users/adam/projects/math-projects/erdos-97-96-formalization/scratch/atail-force/bank-clean-lean-certificate/compact-fallback/LambdaKxFine/N072MergePart00.lean:147:64: warning: Used `tac1 <;> tac2` where `(tac1; tac2)` would suffice

Note: This linter can be disabled with `set_option linter.unnecessarySeqFocus false`
/Users/adam/projects/math-projects/erdos-97-96-formalization/scratch/atail-force/bank-clean-lean-certificate/compact-fallback/LambdaKxFine/N072MergePart00.lean:152:64: warning: Used `tac1 <;> tac2` where `(tac1; tac2)` would suffice

Note: This linter can be disabled with `set_option linter.unnecessarySeqFocus false`
/Users/adam/projects/math-projects/erdos-97-96-formalization/scratch/atail-force/bank-clean-lean-certificate/compact-fallback/LambdaKxFine/N072MergePart00.lean:157:64: warning: Used `tac1 <;> tac2` where `(tac1; tac2)` would suffice

Note: This linter can be disabled with `set_option linter.unnecessarySeqFocus false`
/Users/adam/projects/math-projects/erdos-97-96-formalization/scratch/atail-force/bank-clean-lean-certificate/compact-fallback/LambdaKxFine/N072MergePart00.lean:162:64: warning: Used `tac1 <;> tac2` where `(tac1; tac2)` would suffice

Note: This linter can be disabled with `set_option linter.unnecessarySeqFocus false`
/Users/adam/projects/math-projects/erdos-97-96-formalization/scratch/atail-force/bank-clean-lean-certificate/compact-fallback/LambdaKxFine/N072MergePart00.lean:167:64: warning: Used `tac1 <;> tac2` where `(tac1; tac2)` would suffice

Note: This linter can be disabled with `set_option linter.unnecessarySeqFocus false`
/Users/adam/projects/math-projects/erdos-97-96-formalization/scratch/atail-force/bank-clean-lean-certificate/compact-fallback/LambdaKxFine/N072MergePart00.lean:172:64: warning: Used `tac1 <;> tac2` where `(tac1; tac2)` would suffice

Note: This linter can be disabled with `set_option linter.unnecessarySeqFocus false`
/Users/adam/projects/math-projects/erdos-97-96-formalization/scratch/atail-force/bank-clean-lean-certificate/compact-fallback/LambdaKxFine/N072MergePart00.lean:177:64: warning: Used `tac1 <;> tac2` where `(tac1; tac2)` would suffice

Note: This linter can be disabled with `set_option linter.unnecessarySeqFocus false`
/Users/adam/projects/math-projects/erdos-97-96-formalization/scratch/atail-force/bank-clean-lean-certificate/compact-fallback/LambdaKxFine/N072MergePart00.lean:182:64: warning: Used `tac1 <;> tac2` where `(tac1; tac2)` would suffice

Note: This linter can be disabled with `set_option linter.unnecessarySeqFocus false`
/Users/adam/projects/math-projects/erdos-97-96-formalization/scratch/atail-force/bank-clean-lean-certificate/compact-fallback/LambdaKxFine/N072MergePart00.lean:187:64: warning: Used `tac1 <;> tac2` where `(tac1; tac2)` would suffice

Note: This linter can be disabled with `set_option linter.unnecessarySeqFocus false`
/Users/adam/projects/math-projects/erdos-97-96-formalization/scratch/atail-force/bank-clean-lean-certificate/compact-fallback/LambdaKxFine/N072MergePart00.lean:192:64: warning: Used `tac1 <;> tac2` where `(tac1; tac2)` would suffice

Note: This linter can be disabled with `set_option linter.unnecessarySeqFocus false`
/Users/adam/projects/math-projects/erdos-97-96-formalization/scratch/atail-force/bank-clean-lean-certificate/compact-fallback/LambdaKxFine/N072MergePart00.lean:197:64: warning: Used `tac1 <;> tac2` where `(tac1; tac2)` would suffice

Note: This linter can be disabled with `set_option linter.unnecessarySeqFocus false`
/Users/adam/projects/math-projects/erdos-97-96-formalization/scratch/atail-force/bank-clean-lean-certificate/compact-fallback/LambdaKxFine/N072MergePart00.lean:202:64: warning: Used `tac1 <;> tac2` where `(tac1; tac2)` would suffice

Note: This linter can be disabled with `set_option linter.unnecessarySeqFocus false`
/Users/adam/projects/math-projects/erdos-97-96-formalization/scratch/atail-force/bank-clean-lean-certificate/compact-fallback/LambdaKxFine/N072MergePart00.lean:207:64: warning: Used `tac1 <;> tac2` where `(tac1; tac2)` would suffice

Note: This linter can be disabled with `set_option linter.unnecessarySeqFocus false`
/Users/adam/projects/math-projects/erdos-97-96-formalization/scratch/atail-force/bank-clean-lean-certificate/compact-fallback/LambdaKxFine/N072MergePart00.lean:212:64: warning: Used `tac1 <;> tac2` where `(tac1; tac2)` would suffice

Note: This linter can be disabled with `set_option linter.unnecessarySeqFocus false`
/Users/adam/projects/math-projects/erdos-97-96-formalization/scratch/atail-force/bank-clean-lean-certificate/compact-fallback/LambdaKxFine/N072MergePart00.lean:217:64: warning: Used `tac1 <;> tac2` where `(tac1; tac2)` would suffice

Note: This linter can be disabled with `set_option linter.unnecessarySeqFocus false`
/Users/adam/projects/math-projects/erdos-97-96-formalization/scratch/atail-force/bank-clean-lean-certificate/compact-fallback/LambdaKxFine/N072MergePart00.lean:222:64: warning: Used `tac1 <;> tac2` where `(tac1; tac2)` would suffice

Note: This linter can be disabled with `set_option linter.unnecessarySeqFocus false`
/Users/adam/projects/math-projects/erdos-97-96-formalization/scratch/atail-force/bank-clean-lean-certificate/compact-fallback/LambdaKxFine/N072MergePart00.lean:227:64: warning: Used `tac1 <;> tac2` where `(tac1; tac2)` would suffice

Note: This linter can be disabled with `set_option linter.unnecessarySeqFocus false`
/Users/adam/projects/math-projects/erdos-97-96-formalization/scratch/atail-force/bank-clean-lean-certificate/compact-fallback/LambdaKxFine/N072MergePart00.lean:232:64: warning: Used `tac1 <;> tac2` where `(tac1; tac2)` would suffice

Note: This linter can be disabled with `set_option linter.unnecessarySeqFocus false`
/Users/adam/projects/math-projects/erdos-97-96-formalization/scratch/atail-force/bank-clean-lean-certificate/compact-fallback/LambdaKxFine/N072MergePart00.lean:237:64: warning: Used `tac1 <;> tac2` where `(tac1; tac2)` would suffice

Note: This linter can be disabled with `set_option linter.unnecessarySeqFocus false`
/Users/adam/projects/math-projects/erdos-97-96-formalization/scratch/atail-force/bank-clean-lean-certificate/compact-fallback/LambdaKxFine/N072MergePart00.lean:242:64: warning: Used `tac1 <;> tac2` where `(tac1; tac2)` would suffice

Note: This linter can be disabled with `set_option linter.unnecessarySeqFocus false`
/Users/adam/projects/math-projects/erdos-97-96-formalization/scratch/atail-force/bank-clean-lean-certificate/compact-fallback/LambdaKxFine/N072MergePart00.lean:247:64: warning: Used `tac1 <;> tac2` where `(tac1; tac2)` would suffice

Note: This linter can be disabled with `set_option linter.unnecessarySeqFocus false`
/Users/adam/projects/math-projects/erdos-97-96-formalization/scratch/atail-force/bank-clean-lean-certificate/compact-fallback/LambdaKxFine/N072MergePart00.lean:252:64: warning: Used `tac1 <;> tac2` where `(tac1; tac2)` would suffice

Note: This linter can be disabled with `set_option linter.unnecessarySeqFocus false`
/Users/adam/projects/math-projects/erdos-97-96-formalization/scratch/atail-force/bank-clean-lean-certificate/compact-fallback/LambdaKxFine/N072MergePart00.lean:257:89: warning: Used `tac1 <;> tac2` where `(tac1; tac2)` would suffice

Note: This linter can be disabled with `set_option linter.unnecessarySeqFocus false`
/Users/adam/projects/math-projects/erdos-97-96-formalization/scratch/atail-force/bank-clean-lean-certificate/compact-fallback/LambdaKxFine/N072MergePart00.lean:262:64: warning: Used `tac1 <;> tac2` where `(tac1; tac2)` would suffice

Note: This linter can be disabled with `set_option linter.unnecessarySeqFocus false`
/Users/adam/projects/math-projects/erdos-97-96-formalization/scratch/atail-force/bank-clean-lean-certificate/compact-fallback/LambdaKxFine/N072MergePart00.lean:267:64: warning: Used `tac1 <;> tac2` where `(tac1; tac2)` would suffice

Note: This linter can be disabled with `set_option linter.unnecessarySeqFocus false`
/Users/adam/projects/math-projects/erdos-97-96-formalization/scratch/atail-force/bank-clean-lean-certificate/compact-fallback/LambdaKxFine/N072MergePart00.lean:272:64: warning: Used `tac1 <;> tac2` where `(tac1; tac2)` would suffice

Note: This linter can be disabled with `set_option linter.unnecessarySeqFocus false`
/Users/adam/projects/math-projects/erdos-97-96-formalization/scratch/atail-force/bank-clean-lean-certificate/compact-fallback/LambdaKxFine/N072MergePart00.lean:277:64: warning: Used `tac1 <;> tac2` where `(tac1; tac2)` would suffice

Note: This linter can be disabled with `set_option linter.unnecessarySeqFocus false`
/Users/adam/projects/math-projects/erdos-97-96-formalization/scratch/atail-force/bank-clean-lean-certificate/compact-fallback/LambdaKxFine/N072MergePart00.lean:282:64: warning: Used `tac1 <;> tac2` where `(tac1; tac2)` would suffice

Note: This linter can be disabled with `set_option linter.unnecessarySeqFocus false`
/Users/adam/projects/math-projects/erdos-97-96-formalization/scratch/atail-force/bank-clean-lean-certificate/compact-fallback/LambdaKxFine/N072MergePart00.lean:287:64: warning: Used `tac1 <;> tac2` where `(tac1; tac2)` would suffice

Note: This linter can be disabled with `set_option linter.unnecessarySeqFocus false`
/Users/adam/projects/math-projects/erdos-97-96-formalization/scratch/atail-force/bank-clean-lean-certificate/compact-fallback/LambdaKxFine/N072MergePart00.lean:292:64: warning: Used `tac1 <;> tac2` where `(tac1; tac2)` would suffice

Note: This linter can be disabled with `set_option linter.unnecessarySeqFocus false`
/Users/adam/projects/math-projects/erdos-97-96-formalization/scratch/atail-force/bank-clean-lean-certificate/compact-fallback/LambdaKxFine/N072MergePart00.lean:297:64: warning: Used `tac1 <;> tac2` where `(tac1; tac2)` would suffice

Note: This linter can be disabled with `set_option linter.unnecessarySeqFocus false`
/Users/adam/projects/math-projects/erdos-97-96-formalization/scratch/atail-force/bank-clean-lean-certificate/compact-fallback/LambdaKxFine/N072MergePart00.lean:302:64: warning: Used `tac1 <;> tac2` where `(tac1; tac2)` would suffice

Note: This linter can be disabled with `set_option linter.unnecessarySeqFocus false`
/Users/adam/projects/math-projects/erdos-97-96-formalization/scratch/atail-force/bank-clean-lean-certificate/compact-fallback/LambdaKxFine/N072MergePart00.lean:307:64: warning: Used `tac1 <;> tac2` where `(tac1; tac2)` would suffice

Note: This linter can be disabled with `set_option linter.unnecessarySeqFocus false`
/Users/adam/projects/math-projects/erdos-97-96-formalization/scratch/atail-force/bank-clean-lean-certificate/compact-fallback/LambdaKxFine/N072MergePart00.lean:312:64: warning: Used `tac1 <;> tac2` where `(tac1; tac2)` would suffice

Note: This linter can be disabled with `set_option linter.unnecessarySeqFocus false`
/Users/adam/projects/math-projects/erdos-97-96-formalization/scratch/atail-force/bank-clean-lean-certificate/compact-fallback/LambdaKxFine/N072MergePart00.lean:317:64: warning: Used `tac1 <;> tac2` where `(tac1; tac2)` would suffice

Note: This linter can be disabled with `set_option linter.unnecessarySeqFocus false`
/Users/adam/projects/math-projects/erdos-97-96-formalization/scratch/atail-force/bank-clean-lean-certificate/compact-fallback/LambdaKxFine/N072MergePart00.lean:322:64: warning: Used `tac1 <;> tac2` where `(tac1; tac2)` would suffice

Note: This linter can be disabled with `set_option linter.unnecessarySeqFocus false`
/Users/adam/projects/math-projects/erdos-97-96-formalization/scratch/atail-force/bank-clean-lean-certificate/compact-fallback/LambdaKxFine/N072MergePart00.lean:327:64: warning: Used `tac1 <;> tac2` where `(tac1; tac2)` would suffice

Note: This linter can be disabled with `set_option linter.unnecessarySeqFocus false`
/Users/adam/projects/math-projects/erdos-97-96-formalization/scratch/atail-force/bank-clean-lean-certificate/compact-fallback/LambdaKxFine/N072MergePart00.lean:332:64: warning: Used `tac1 <;> tac2` where `(tac1; tac2)` would suffice

Note: This linter can be disabled with `set_option linter.unnecessarySeqFocus false`
/Users/adam/projects/math-projects/erdos-97-96-formalization/scratch/atail-force/bank-clean-lean-certificate/compact-fallback/LambdaKxFine/N072MergePart00.lean:337:64: warning: Used `tac1 <;> tac2` where `(tac1; tac2)` would suffice

Note: This linter can be disabled with `set_option linter.unnecessarySeqFocus false`
/Users/adam/projects/math-projects/erdos-97-96-formalization/scratch/atail-force/bank-clean-lean-certificate/compact-fallback/LambdaKxFine/N072MergePart00.lean:342:64: warning: Used `tac1 <;> tac2` where `(tac1; tac2)` would suffice

Note: This linter can be disabled with `set_option linter.unnecessarySeqFocus false`
/Users/adam/projects/math-projects/erdos-97-96-formalization/scratch/atail-force/bank-clean-lean-certificate/compact-fallback/LambdaKxFine/N072MergePart00.lean:347:64: warning: Used `tac1 <;> tac2` where `(tac1; tac2)` would suffice

Note: This linter can be disabled with `set_option linter.unnecessarySeqFocus false`
/Users/adam/projects/math-projects/erdos-97-96-formalization/scratch/atail-force/bank-clean-lean-certificate/compact-fallback/LambdaKxFine/N072MergePart00.lean:352:64: warning: Used `tac1 <;> tac2` where `(tac1; tac2)` would suffice

Note: This linter can be disabled with `set_option linter.unnecessarySeqFocus false`
/Users/adam/projects/math-projects/erdos-97-96-formalization/scratch/atail-force/bank-clean-lean-certificate/compact-fallback/LambdaKxFine/N072MergePart00.lean:357:93: warning: this tactic is never executed

Note: This linter can be disabled with `set_option linter.unreachableTactic false`
/Users/adam/projects/math-projects/erdos-97-96-formalization/scratch/atail-force/bank-clean-lean-certificate/compact-fallback/LambdaKxFine/N072MergePart00.lean:357:93: warning: 'ring' tactic does nothing

Note: This linter can be disabled with `set_option linter.unusedTactic false`
/Users/adam/projects/math-projects/erdos-97-96-formalization/scratch/atail-force/bank-clean-lean-certificate/compact-fallback/LambdaKxFine/N072MergePart00.lean:362:64: warning: Used `tac1 <;> tac2` where `(tac1; tac2)` would suffice

Note: This linter can be disabled with `set_option linter.unnecessarySeqFocus false`
/Users/adam/projects/math-projects/erdos-97-96-formalization/scratch/atail-force/bank-clean-lean-certificate/compact-fallback/LambdaKxFine/N072MergePart00.lean:367:64: warning: Used `tac1 <;> tac2` where `(tac1; tac2)` would suffice

Note: This linter can be disabled with `set_option linter.unnecessarySeqFocus false`
/Users/adam/projects/math-projects/erdos-97-96-formalization/scratch/atail-force/bank-clean-lean-certificate/compact-fallback/LambdaKxFine/N072MergePart00.lean:372:64: warning: Used `tac1 <;> tac2` where `(tac1; tac2)` would suffice

Note: This linter can be disabled with `set_option linter.unnecessarySeqFocus false`
/Users/adam/projects/math-projects/erdos-97-96-formalization/scratch/atail-force/bank-clean-lean-certificate/compact-fallback/LambdaKxFine/N072MergePart00.lean:377:64: warning: Used `tac1 <;> tac2` where `(tac1; tac2)` would suffice

Note: This linter can be disabled with `set_option linter.unnecessarySeqFocus false`
/Users/adam/projects/math-projects/erdos-97-96-formalization/scratch/atail-force/bank-clean-lean-certificate/compact-fallback/LambdaKxFine/N072MergePart00.lean:382:64: warning: Used `tac1 <;> tac2` where `(tac1; tac2)` would suffice

Note: This linter can be disabled with `set_option linter.unnecessarySeqFocus false`
/Users/adam/projects/math-projects/erdos-97-96-formalization/scratch/atail-force/bank-clean-lean-certificate/compact-fallback/LambdaKxFine/N072MergePart00.lean:387:64: warning: Used `tac1 <;> tac2` where `(tac1; tac2)` would suffice

Note: This linter can be disabled with `set_option linter.unnecessarySeqFocus false`
/Users/adam/projects/math-projects/erdos-97-96-formalization/scratch/atail-force/bank-clean-lean-certificate/compact-fallback/LambdaKxFine/N072MergePart00.lean:392:64: warning: Used `tac1 <;> tac2` where `(tac1; tac2)` would suffice

Note: This linter can be disabled with `set_option linter.unnecessarySeqFocus false`
/Users/adam/projects/math-projects/erdos-97-96-formalization/scratch/atail-force/bank-clean-lean-certificate/compact-fallback/LambdaKxFine/N072MergePart00.lean:397:64: warning: Used `tac1 <;> tac2` where `(tac1; tac2)` would suffice

Note: This linter can be disabled with `set_option linter.unnecessarySeqFocus false`
/Users/adam/projects/math-projects/erdos-97-96-formalization/scratch/atail-force/bank-clean-lean-certificate/compact-fallback/LambdaKxFine/N072MergePart00.lean:402:64: warning: Used `tac1 <;> tac2` where `(tac1; tac2)` would suffice

Note: This linter can be disabled with `set_option linter.unnecessarySeqFocus false`
/Users/adam/projects/math-projects/erdos-97-96-formalization/scratch/atail-force/bank-clean-lean-certificate/compact-fallback/LambdaKxFine/N072MergePart00.lean:407:64: warning: Used `tac1 <;> tac2` where `(tac1; tac2)` would suffice

Note: This linter can be disabled with `set_option linter.unnecessarySeqFocus false`
/Users/adam/projects/math-projects/erdos-97-96-formalization/scratch/atail-force/bank-clean-lean-certificate/compact-fallback/LambdaKxFine/N072MergePart00.lean:412:64: warning: Used `tac1 <;> tac2` where `(tac1; tac2)` would suffice

Note: This linter can be disabled with `set_option linter.unnecessarySeqFocus false`
/Users/adam/projects/math-projects/erdos-97-96-formalization/scratch/atail-force/bank-clean-lean-certificate/compact-fallback/LambdaKxFine/N072MergePart00.lean:417:64: warning: Used `tac1 <;> tac2` where `(tac1; tac2)` would suffice

Note: This linter can be disabled with `set_option linter.unnecessarySeqFocus false`
/Users/adam/projects/math-projects/erdos-97-96-formalization/scratch/atail-force/bank-clean-lean-certificate/compact-fallback/LambdaKxFine/N072MergePart00.lean:422:66: warning: Used `tac1 <;> tac2` where `(tac1; tac2)` would suffice

Note: This linter can be disabled with `set_option linter.unnecessarySeqFocus false`
/Users/adam/projects/math-projects/erdos-97-96-formalization/scratch/atail-force/bank-clean-lean-certificate/compact-fallback/LambdaKxFine/N072MergePart00.lean:427:66: warning: Used `tac1 <;> tac2` where `(tac1; tac2)` would suffice

Note: This linter can be disabled with `set_option linter.unnecessarySeqFocus false`
/Users/adam/projects/math-projects/erdos-97-96-formalization/scratch/atail-force/bank-clean-lean-certificate/compact-fallback/LambdaKxFine/N072MergePart00.lean:432:66: warning: Used `tac1 <;> tac2` where `(tac1; tac2)` would suffice

Note: This linter can be disabled with `set_option linter.unnecessarySeqFocus false`
/Users/adam/projects/math-projects/erdos-97-96-formalization/scratch/atail-force/bank-clean-lean-certificate/compact-fallback/LambdaKxFine/N072MergePart00.lean:627:101: warning: Used `tac1 <;> tac2` where `(tac1; tac2)` would suffice

Note: This linter can be disabled with `set_option linter.unnecessarySeqFocus false`
