/Users/adam/projects/math-projects/erdos-97-96-formalization/scratch/atail-force/bank-clean-lean-certificate/compact-fallback/LambdaKxFine/N086MergePart00.lean:22:65: warning: Used `tac1 <;> tac2` where `(tac1; tac2)` would suffice

Note: This linter can be disabled with `set_option linter.unnecessarySeqFocus false`
/Users/adam/projects/math-projects/erdos-97-96-formalization/scratch/atail-force/bank-clean-lean-certificate/compact-fallback/LambdaKxFine/N086MergePart00.lean:27:65: warning: Used `tac1 <;> tac2` where `(tac1; tac2)` would suffice

Note: This linter can be disabled with `set_option linter.unnecessarySeqFocus false`
/Users/adam/projects/math-projects/erdos-97-96-formalization/scratch/atail-force/bank-clean-lean-certificate/compact-fallback/LambdaKxFine/N086MergePart00.lean:32:65: warning: Used `tac1 <;> tac2` where `(tac1; tac2)` would suffice

Note: This linter can be disabled with `set_option linter.unnecessarySeqFocus false`
/Users/adam/projects/math-projects/erdos-97-96-formalization/scratch/atail-force/bank-clean-lean-certificate/compact-fallback/LambdaKxFine/N086MergePart00.lean:37:65: warning: Used `tac1 <;> tac2` where `(tac1; tac2)` would suffice

Note: This linter can be disabled with `set_option linter.unnecessarySeqFocus false`
/Users/adam/projects/math-projects/erdos-97-96-formalization/scratch/atail-force/bank-clean-lean-certificate/compact-fallback/LambdaKxFine/N086MergePart00.lean:42:65: warning: Used `tac1 <;> tac2` where `(tac1; tac2)` would suffice

Note: This linter can be disabled with `set_option linter.unnecessarySeqFocus false`
/Users/adam/projects/math-projects/erdos-97-96-formalization/scratch/atail-force/bank-clean-lean-certificate/compact-fallback/LambdaKxFine/N086MergePart00.lean:47:65: warning: Used `tac1 <;> tac2` where `(tac1; tac2)` would suffice

Note: This linter can be disabled with `set_option linter.unnecessarySeqFocus false`
/Users/adam/projects/math-projects/erdos-97-96-formalization/scratch/atail-force/bank-clean-lean-certificate/compact-fallback/LambdaKxFine/N086MergePart00.lean:52:65: warning: Used `tac1 <;> tac2` where `(tac1; tac2)` would suffice

Note: This linter can be disabled with `set_option linter.unnecessarySeqFocus false`
/Users/adam/projects/math-projects/erdos-97-96-formalization/scratch/atail-force/bank-clean-lean-certificate/compact-fallback/LambdaKxFine/N086MergePart00.lean:57:65: warning: Used `tac1 <;> tac2` where `(tac1; tac2)` would suffice

Note: This linter can be disabled with `set_option linter.unnecessarySeqFocus false`
/Users/adam/projects/math-projects/erdos-97-96-formalization/scratch/atail-force/bank-clean-lean-certificate/compact-fallback/LambdaKxFine/N086MergePart00.lean:62:65: warning: Used `tac1 <;> tac2` where `(tac1; tac2)` would suffice

Note: This linter can be disabled with `set_option linter.unnecessarySeqFocus false`
/Users/adam/projects/math-projects/erdos-97-96-formalization/scratch/atail-force/bank-clean-lean-certificate/compact-fallback/LambdaKxFine/N086MergePart00.lean:67:65: warning: Used `tac1 <;> tac2` where `(tac1; tac2)` would suffice

Note: This linter can be disabled with `set_option linter.unnecessarySeqFocus false`
/Users/adam/projects/math-projects/erdos-97-96-formalization/scratch/atail-force/bank-clean-lean-certificate/compact-fallback/LambdaKxFine/N086MergePart00.lean:72:65: warning: Used `tac1 <;> tac2` where `(tac1; tac2)` would suffice

Note: This linter can be disabled with `set_option linter.unnecessarySeqFocus false`
/Users/adam/projects/math-projects/erdos-97-96-formalization/scratch/atail-force/bank-clean-lean-certificate/compact-fallback/LambdaKxFine/N086MergePart00.lean:77:65: warning: Used `tac1 <;> tac2` where `(tac1; tac2)` would suffice

Note: This linter can be disabled with `set_option linter.unnecessarySeqFocus false`
/Users/adam/projects/math-projects/erdos-97-96-formalization/scratch/atail-force/bank-clean-lean-certificate/compact-fallback/LambdaKxFine/N086MergePart00.lean:82:65: warning: Used `tac1 <;> tac2` where `(tac1; tac2)` would suffice

Note: This linter can be disabled with `set_option linter.unnecessarySeqFocus false`
/Users/adam/projects/math-projects/erdos-97-96-formalization/scratch/atail-force/bank-clean-lean-certificate/compact-fallback/LambdaKxFine/N086MergePart00.lean:87:65: warning: Used `tac1 <;> tac2` where `(tac1; tac2)` would suffice

Note: This linter can be disabled with `set_option linter.unnecessarySeqFocus false`
/Users/adam/projects/math-projects/erdos-97-96-formalization/scratch/atail-force/bank-clean-lean-certificate/compact-fallback/LambdaKxFine/N086MergePart00.lean:92:65: warning: Used `tac1 <;> tac2` where `(tac1; tac2)` would suffice

Note: This linter can be disabled with `set_option linter.unnecessarySeqFocus false`
/Users/adam/projects/math-projects/erdos-97-96-formalization/scratch/atail-force/bank-clean-lean-certificate/compact-fallback/LambdaKxFine/N086MergePart00.lean:97:65: warning: Used `tac1 <;> tac2` where `(tac1; tac2)` would suffice

Note: This linter can be disabled with `set_option linter.unnecessarySeqFocus false`
/Users/adam/projects/math-projects/erdos-97-96-formalization/scratch/atail-force/bank-clean-lean-certificate/compact-fallback/LambdaKxFine/N086MergePart00.lean:102:65: warning: Used `tac1 <;> tac2` where `(tac1; tac2)` would suffice

Note: This linter can be disabled with `set_option linter.unnecessarySeqFocus false`
/Users/adam/projects/math-projects/erdos-97-96-formalization/scratch/atail-force/bank-clean-lean-certificate/compact-fallback/LambdaKxFine/N086MergePart00.lean:107:65: warning: Used `tac1 <;> tac2` where `(tac1; tac2)` would suffice

Note: This linter can be disabled with `set_option linter.unnecessarySeqFocus false`
/Users/adam/projects/math-projects/erdos-97-96-formalization/scratch/atail-force/bank-clean-lean-certificate/compact-fallback/LambdaKxFine/N086MergePart00.lean:112:65: warning: Used `tac1 <;> tac2` where `(tac1; tac2)` would suffice

Note: This linter can be disabled with `set_option linter.unnecessarySeqFocus false`
/Users/adam/projects/math-projects/erdos-97-96-formalization/scratch/atail-force/bank-clean-lean-certificate/compact-fallback/LambdaKxFine/N086MergePart00.lean:117:65: warning: Used `tac1 <;> tac2` where `(tac1; tac2)` would suffice

Note: This linter can be disabled with `set_option linter.unnecessarySeqFocus false`
/Users/adam/projects/math-projects/erdos-97-96-formalization/scratch/atail-force/bank-clean-lean-certificate/compact-fallback/LambdaKxFine/N086MergePart00.lean:122:65: warning: Used `tac1 <;> tac2` where `(tac1; tac2)` would suffice

Note: This linter can be disabled with `set_option linter.unnecessarySeqFocus false`
/Users/adam/projects/math-projects/erdos-97-96-formalization/scratch/atail-force/bank-clean-lean-certificate/compact-fallback/LambdaKxFine/N086MergePart00.lean:127:65: warning: Used `tac1 <;> tac2` where `(tac1; tac2)` would suffice

Note: This linter can be disabled with `set_option linter.unnecessarySeqFocus false`
/Users/adam/projects/math-projects/erdos-97-96-formalization/scratch/atail-force/bank-clean-lean-certificate/compact-fallback/LambdaKxFine/N086MergePart00.lean:132:65: warning: Used `tac1 <;> tac2` where `(tac1; tac2)` would suffice

Note: This linter can be disabled with `set_option linter.unnecessarySeqFocus false`
/Users/adam/projects/math-projects/erdos-97-96-formalization/scratch/atail-force/bank-clean-lean-certificate/compact-fallback/LambdaKxFine/N086MergePart00.lean:137:91: warning: Used `tac1 <;> tac2` where `(tac1; tac2)` would suffice

Note: This linter can be disabled with `set_option linter.unnecessarySeqFocus false`
/Users/adam/projects/math-projects/erdos-97-96-formalization/scratch/atail-force/bank-clean-lean-certificate/compact-fallback/LambdaKxFine/N086MergePart00.lean:142:91: warning: Used `tac1 <;> tac2` where `(tac1; tac2)` would suffice

Note: This linter can be disabled with `set_option linter.unnecessarySeqFocus false`
/Users/adam/projects/math-projects/erdos-97-96-formalization/scratch/atail-force/bank-clean-lean-certificate/compact-fallback/LambdaKxFine/N086MergePart00.lean:147:91: warning: Used `tac1 <;> tac2` where `(tac1; tac2)` would suffice

Note: This linter can be disabled with `set_option linter.unnecessarySeqFocus false`
/Users/adam/projects/math-projects/erdos-97-96-formalization/scratch/atail-force/bank-clean-lean-certificate/compact-fallback/LambdaKxFine/N086MergePart00.lean:152:91: warning: Used `tac1 <;> tac2` where `(tac1; tac2)` would suffice

Note: This linter can be disabled with `set_option linter.unnecessarySeqFocus false`
/Users/adam/projects/math-projects/erdos-97-96-formalization/scratch/atail-force/bank-clean-lean-certificate/compact-fallback/LambdaKxFine/N086MergePart00.lean:157:91: warning: Used `tac1 <;> tac2` where `(tac1; tac2)` would suffice

Note: This linter can be disabled with `set_option linter.unnecessarySeqFocus false`
/Users/adam/projects/math-projects/erdos-97-96-formalization/scratch/atail-force/bank-clean-lean-certificate/compact-fallback/LambdaKxFine/N086MergePart00.lean:162:65: warning: Used `tac1 <;> tac2` where `(tac1; tac2)` would suffice

Note: This linter can be disabled with `set_option linter.unnecessarySeqFocus false`
/Users/adam/projects/math-projects/erdos-97-96-formalization/scratch/atail-force/bank-clean-lean-certificate/compact-fallback/LambdaKxFine/N086MergePart00.lean:167:65: warning: Used `tac1 <;> tac2` where `(tac1; tac2)` would suffice

Note: This linter can be disabled with `set_option linter.unnecessarySeqFocus false`
/Users/adam/projects/math-projects/erdos-97-96-formalization/scratch/atail-force/bank-clean-lean-certificate/compact-fallback/LambdaKxFine/N086MergePart00.lean:172:65: warning: Used `tac1 <;> tac2` where `(tac1; tac2)` would suffice

Note: This linter can be disabled with `set_option linter.unnecessarySeqFocus false`
/Users/adam/projects/math-projects/erdos-97-96-formalization/scratch/atail-force/bank-clean-lean-certificate/compact-fallback/LambdaKxFine/N086MergePart00.lean:177:65: warning: Used `tac1 <;> tac2` where `(tac1; tac2)` would suffice

Note: This linter can be disabled with `set_option linter.unnecessarySeqFocus false`
/Users/adam/projects/math-projects/erdos-97-96-formalization/scratch/atail-force/bank-clean-lean-certificate/compact-fallback/LambdaKxFine/N086MergePart00.lean:182:65: warning: Used `tac1 <;> tac2` where `(tac1; tac2)` would suffice

Note: This linter can be disabled with `set_option linter.unnecessarySeqFocus false`
/Users/adam/projects/math-projects/erdos-97-96-formalization/scratch/atail-force/bank-clean-lean-certificate/compact-fallback/LambdaKxFine/N086MergePart00.lean:187:65: warning: Used `tac1 <;> tac2` where `(tac1; tac2)` would suffice

Note: This linter can be disabled with `set_option linter.unnecessarySeqFocus false`
/Users/adam/projects/math-projects/erdos-97-96-formalization/scratch/atail-force/bank-clean-lean-certificate/compact-fallback/LambdaKxFine/N086MergePart00.lean:192:65: warning: Used `tac1 <;> tac2` where `(tac1; tac2)` would suffice

Note: This linter can be disabled with `set_option linter.unnecessarySeqFocus false`
/Users/adam/projects/math-projects/erdos-97-96-formalization/scratch/atail-force/bank-clean-lean-certificate/compact-fallback/LambdaKxFine/N086MergePart00.lean:197:67: warning: Used `tac1 <;> tac2` where `(tac1; tac2)` would suffice

Note: This linter can be disabled with `set_option linter.unnecessarySeqFocus false`
/Users/adam/projects/math-projects/erdos-97-96-formalization/scratch/atail-force/bank-clean-lean-certificate/compact-fallback/LambdaKxFine/N086MergePart00.lean:202:67: warning: Used `tac1 <;> tac2` where `(tac1; tac2)` would suffice

Note: This linter can be disabled with `set_option linter.unnecessarySeqFocus false`
/Users/adam/projects/math-projects/erdos-97-96-formalization/scratch/atail-force/bank-clean-lean-certificate/compact-fallback/LambdaKxFine/N086MergePart00.lean:207:67: warning: Used `tac1 <;> tac2` where `(tac1; tac2)` would suffice

Note: This linter can be disabled with `set_option linter.unnecessarySeqFocus false`
/Users/adam/projects/math-projects/erdos-97-96-formalization/scratch/atail-force/bank-clean-lean-certificate/compact-fallback/LambdaKxFine/N086MergePart00.lean:212:67: warning: Used `tac1 <;> tac2` where `(tac1; tac2)` would suffice

Note: This linter can be disabled with `set_option linter.unnecessarySeqFocus false`
/Users/adam/projects/math-projects/erdos-97-96-formalization/scratch/atail-force/bank-clean-lean-certificate/compact-fallback/LambdaKxFine/N086MergePart00.lean:217:67: warning: Used `tac1 <;> tac2` where `(tac1; tac2)` would suffice

Note: This linter can be disabled with `set_option linter.unnecessarySeqFocus false`
/Users/adam/projects/math-projects/erdos-97-96-formalization/scratch/atail-force/bank-clean-lean-certificate/compact-fallback/LambdaKxFine/N086MergePart00.lean:222:67: warning: Used `tac1 <;> tac2` where `(tac1; tac2)` would suffice

Note: This linter can be disabled with `set_option linter.unnecessarySeqFocus false`
/Users/adam/projects/math-projects/erdos-97-96-formalization/scratch/atail-force/bank-clean-lean-certificate/compact-fallback/LambdaKxFine/N086MergePart00.lean:227:67: warning: Used `tac1 <;> tac2` where `(tac1; tac2)` would suffice

Note: This linter can be disabled with `set_option linter.unnecessarySeqFocus false`
/Users/adam/projects/math-projects/erdos-97-96-formalization/scratch/atail-force/bank-clean-lean-certificate/compact-fallback/LambdaKxFine/N086MergePart00.lean:232:67: warning: Used `tac1 <;> tac2` where `(tac1; tac2)` would suffice

Note: This linter can be disabled with `set_option linter.unnecessarySeqFocus false`
/Users/adam/projects/math-projects/erdos-97-96-formalization/scratch/atail-force/bank-clean-lean-certificate/compact-fallback/LambdaKxFine/N086MergePart00.lean:237:67: warning: Used `tac1 <;> tac2` where `(tac1; tac2)` would suffice

Note: This linter can be disabled with `set_option linter.unnecessarySeqFocus false`
/Users/adam/projects/math-projects/erdos-97-96-formalization/scratch/atail-force/bank-clean-lean-certificate/compact-fallback/LambdaKxFine/N086MergePart00.lean:242:67: warning: Used `tac1 <;> tac2` where `(tac1; tac2)` would suffice

Note: This linter can be disabled with `set_option linter.unnecessarySeqFocus false`
/Users/adam/projects/math-projects/erdos-97-96-formalization/scratch/atail-force/bank-clean-lean-certificate/compact-fallback/LambdaKxFine/N086MergePart00.lean:247:67: warning: Used `tac1 <;> tac2` where `(tac1; tac2)` would suffice

Note: This linter can be disabled with `set_option linter.unnecessarySeqFocus false`
/Users/adam/projects/math-projects/erdos-97-96-formalization/scratch/atail-force/bank-clean-lean-certificate/compact-fallback/LambdaKxFine/N086MergePart00.lean:252:67: warning: Used `tac1 <;> tac2` where `(tac1; tac2)` would suffice

Note: This linter can be disabled with `set_option linter.unnecessarySeqFocus false`
/Users/adam/projects/math-projects/erdos-97-96-formalization/scratch/atail-force/bank-clean-lean-certificate/compact-fallback/LambdaKxFine/N086MergePart00.lean:257:67: warning: Used `tac1 <;> tac2` where `(tac1; tac2)` would suffice

Note: This linter can be disabled with `set_option linter.unnecessarySeqFocus false`
/Users/adam/projects/math-projects/erdos-97-96-formalization/scratch/atail-force/bank-clean-lean-certificate/compact-fallback/LambdaKxFine/N086MergePart00.lean:262:67: warning: Used `tac1 <;> tac2` where `(tac1; tac2)` would suffice

Note: This linter can be disabled with `set_option linter.unnecessarySeqFocus false`
/Users/adam/projects/math-projects/erdos-97-96-formalization/scratch/atail-force/bank-clean-lean-certificate/compact-fallback/LambdaKxFine/N086MergePart00.lean:267:94: warning: Used `tac1 <;> tac2` where `(tac1; tac2)` would suffice

Note: This linter can be disabled with `set_option linter.unnecessarySeqFocus false`
/Users/adam/projects/math-projects/erdos-97-96-formalization/scratch/atail-force/bank-clean-lean-certificate/compact-fallback/LambdaKxFine/N086MergePart00.lean:272:94: warning: Used `tac1 <;> tac2` where `(tac1; tac2)` would suffice

Note: This linter can be disabled with `set_option linter.unnecessarySeqFocus false`
/Users/adam/projects/math-projects/erdos-97-96-formalization/scratch/atail-force/bank-clean-lean-certificate/compact-fallback/LambdaKxFine/N086MergePart00.lean:277:94: warning: Used `tac1 <;> tac2` where `(tac1; tac2)` would suffice

Note: This linter can be disabled with `set_option linter.unnecessarySeqFocus false`
/Users/adam/projects/math-projects/erdos-97-96-formalization/scratch/atail-force/bank-clean-lean-certificate/compact-fallback/LambdaKxFine/N086MergePart00.lean:282:94: warning: Used `tac1 <;> tac2` where `(tac1; tac2)` would suffice

Note: This linter can be disabled with `set_option linter.unnecessarySeqFocus false`
/Users/adam/projects/math-projects/erdos-97-96-formalization/scratch/atail-force/bank-clean-lean-certificate/compact-fallback/LambdaKxFine/N086MergePart00.lean:287:94: warning: Used `tac1 <;> tac2` where `(tac1; tac2)` would suffice

Note: This linter can be disabled with `set_option linter.unnecessarySeqFocus false`
/Users/adam/projects/math-projects/erdos-97-96-formalization/scratch/atail-force/bank-clean-lean-certificate/compact-fallback/LambdaKxFine/N086MergePart00.lean:292:94: warning: Used `tac1 <;> tac2` where `(tac1; tac2)` would suffice

Note: This linter can be disabled with `set_option linter.unnecessarySeqFocus false`
/Users/adam/projects/math-projects/erdos-97-96-formalization/scratch/atail-force/bank-clean-lean-certificate/compact-fallback/LambdaKxFine/N086MergePart00.lean:297:94: warning: Used `tac1 <;> tac2` where `(tac1; tac2)` would suffice

Note: This linter can be disabled with `set_option linter.unnecessarySeqFocus false`
/Users/adam/projects/math-projects/erdos-97-96-formalization/scratch/atail-force/bank-clean-lean-certificate/compact-fallback/LambdaKxFine/N086MergePart00.lean:302:67: warning: Used `tac1 <;> tac2` where `(tac1; tac2)` would suffice

Note: This linter can be disabled with `set_option linter.unnecessarySeqFocus false`
/Users/adam/projects/math-projects/erdos-97-96-formalization/scratch/atail-force/bank-clean-lean-certificate/compact-fallback/LambdaKxFine/N086MergePart00.lean:307:67: warning: Used `tac1 <;> tac2` where `(tac1; tac2)` would suffice

Note: This linter can be disabled with `set_option linter.unnecessarySeqFocus false`
/Users/adam/projects/math-projects/erdos-97-96-formalization/scratch/atail-force/bank-clean-lean-certificate/compact-fallback/LambdaKxFine/N086MergePart00.lean:312:67: warning: Used `tac1 <;> tac2` where `(tac1; tac2)` would suffice

Note: This linter can be disabled with `set_option linter.unnecessarySeqFocus false`
/Users/adam/projects/math-projects/erdos-97-96-formalization/scratch/atail-force/bank-clean-lean-certificate/compact-fallback/LambdaKxFine/N086MergePart00.lean:317:67: warning: Used `tac1 <;> tac2` where `(tac1; tac2)` would suffice

Note: This linter can be disabled with `set_option linter.unnecessarySeqFocus false`
/Users/adam/projects/math-projects/erdos-97-96-formalization/scratch/atail-force/bank-clean-lean-certificate/compact-fallback/LambdaKxFine/N086MergePart00.lean:322:67: warning: Used `tac1 <;> tac2` where `(tac1; tac2)` would suffice

Note: This linter can be disabled with `set_option linter.unnecessarySeqFocus false`
/Users/adam/projects/math-projects/erdos-97-96-formalization/scratch/atail-force/bank-clean-lean-certificate/compact-fallback/LambdaKxFine/N086MergePart00.lean:327:98: warning: this tactic is never executed

Note: This linter can be disabled with `set_option linter.unreachableTactic false`
/Users/adam/projects/math-projects/erdos-97-96-formalization/scratch/atail-force/bank-clean-lean-certificate/compact-fallback/LambdaKxFine/N086MergePart00.lean:327:98: warning: 'ring' tactic does nothing

Note: This linter can be disabled with `set_option linter.unusedTactic false`
/Users/adam/projects/math-projects/erdos-97-96-formalization/scratch/atail-force/bank-clean-lean-certificate/compact-fallback/LambdaKxFine/N086MergePart00.lean:332:67: warning: Used `tac1 <;> tac2` where `(tac1; tac2)` would suffice

Note: This linter can be disabled with `set_option linter.unnecessarySeqFocus false`
/Users/adam/projects/math-projects/erdos-97-96-formalization/scratch/atail-force/bank-clean-lean-certificate/compact-fallback/LambdaKxFine/N086MergePart00.lean:337:67: warning: Used `tac1 <;> tac2` where `(tac1; tac2)` would suffice

Note: This linter can be disabled with `set_option linter.unnecessarySeqFocus false`
/Users/adam/projects/math-projects/erdos-97-96-formalization/scratch/atail-force/bank-clean-lean-certificate/compact-fallback/LambdaKxFine/N086MergePart00.lean:342:67: warning: Used `tac1 <;> tac2` where `(tac1; tac2)` would suffice

Note: This linter can be disabled with `set_option linter.unnecessarySeqFocus false`
/Users/adam/projects/math-projects/erdos-97-96-formalization/scratch/atail-force/bank-clean-lean-certificate/compact-fallback/LambdaKxFine/N086MergePart00.lean:347:67: warning: Used `tac1 <;> tac2` where `(tac1; tac2)` would suffice

Note: This linter can be disabled with `set_option linter.unnecessarySeqFocus false`
/Users/adam/projects/math-projects/erdos-97-96-formalization/scratch/atail-force/bank-clean-lean-certificate/compact-fallback/LambdaKxFine/N086MergePart00.lean:352:67: warning: Used `tac1 <;> tac2` where `(tac1; tac2)` would suffice

Note: This linter can be disabled with `set_option linter.unnecessarySeqFocus false`
/Users/adam/projects/math-projects/erdos-97-96-formalization/scratch/atail-force/bank-clean-lean-certificate/compact-fallback/LambdaKxFine/N086MergePart00.lean:357:67: warning: Used `tac1 <;> tac2` where `(tac1; tac2)` would suffice

Note: This linter can be disabled with `set_option linter.unnecessarySeqFocus false`
/Users/adam/projects/math-projects/erdos-97-96-formalization/scratch/atail-force/bank-clean-lean-certificate/compact-fallback/LambdaKxFine/N086MergePart00.lean:362:67: warning: Used `tac1 <;> tac2` where `(tac1; tac2)` would suffice

Note: This linter can be disabled with `set_option linter.unnecessarySeqFocus false`
/Users/adam/projects/math-projects/erdos-97-96-formalization/scratch/atail-force/bank-clean-lean-certificate/compact-fallback/LambdaKxFine/N086MergePart00.lean:367:67: warning: Used `tac1 <;> tac2` where `(tac1; tac2)` would suffice

Note: This linter can be disabled with `set_option linter.unnecessarySeqFocus false`
/Users/adam/projects/math-projects/erdos-97-96-formalization/scratch/atail-force/bank-clean-lean-certificate/compact-fallback/LambdaKxFine/N086MergePart00.lean:372:67: warning: Used `tac1 <;> tac2` where `(tac1; tac2)` would suffice

Note: This linter can be disabled with `set_option linter.unnecessarySeqFocus false`
/Users/adam/projects/math-projects/erdos-97-96-formalization/scratch/atail-force/bank-clean-lean-certificate/compact-fallback/LambdaKxFine/N086MergePart00.lean:377:67: warning: Used `tac1 <;> tac2` where `(tac1; tac2)` would suffice

Note: This linter can be disabled with `set_option linter.unnecessarySeqFocus false`
/Users/adam/projects/math-projects/erdos-97-96-formalization/scratch/atail-force/bank-clean-lean-certificate/compact-fallback/LambdaKxFine/N086MergePart00.lean:382:67: warning: Used `tac1 <;> tac2` where `(tac1; tac2)` would suffice

Note: This linter can be disabled with `set_option linter.unnecessarySeqFocus false`
/Users/adam/projects/math-projects/erdos-97-96-formalization/scratch/atail-force/bank-clean-lean-certificate/compact-fallback/LambdaKxFine/N086MergePart00.lean:387:67: warning: Used `tac1 <;> tac2` where `(tac1; tac2)` would suffice

Note: This linter can be disabled with `set_option linter.unnecessarySeqFocus false`
/Users/adam/projects/math-projects/erdos-97-96-formalization/scratch/atail-force/bank-clean-lean-certificate/compact-fallback/LambdaKxFine/N086MergePart00.lean:392:67: warning: Used `tac1 <;> tac2` where `(tac1; tac2)` would suffice

Note: This linter can be disabled with `set_option linter.unnecessarySeqFocus false`
/Users/adam/projects/math-projects/erdos-97-96-formalization/scratch/atail-force/bank-clean-lean-certificate/compact-fallback/LambdaKxFine/N086MergePart00.lean:397:67: warning: Used `tac1 <;> tac2` where `(tac1; tac2)` would suffice

Note: This linter can be disabled with `set_option linter.unnecessarySeqFocus false`
/Users/adam/projects/math-projects/erdos-97-96-formalization/scratch/atail-force/bank-clean-lean-certificate/compact-fallback/LambdaKxFine/N086MergePart00.lean:402:103: warning: Used `tac1 <;> tac2` where `(tac1; tac2)` would suffice

Note: This linter can be disabled with `set_option linter.unnecessarySeqFocus false`
