/Users/adam/projects/math-projects/erdos-97-96-formalization/scratch/atail-force/bank-clean-lean-certificate/compact-fallback/LambdaKxFine/N082MergePart00.lean:22:63: warning: Used `tac1 <;> tac2` where `(tac1; tac2)` would suffice

Note: This linter can be disabled with `set_option linter.unnecessarySeqFocus false`
/Users/adam/projects/math-projects/erdos-97-96-formalization/scratch/atail-force/bank-clean-lean-certificate/compact-fallback/LambdaKxFine/N082MergePart00.lean:27:63: warning: Used `tac1 <;> tac2` where `(tac1; tac2)` would suffice

Note: This linter can be disabled with `set_option linter.unnecessarySeqFocus false`
/Users/adam/projects/math-projects/erdos-97-96-formalization/scratch/atail-force/bank-clean-lean-certificate/compact-fallback/LambdaKxFine/N082MergePart00.lean:32:63: warning: Used `tac1 <;> tac2` where `(tac1; tac2)` would suffice

Note: This linter can be disabled with `set_option linter.unnecessarySeqFocus false`
/Users/adam/projects/math-projects/erdos-97-96-formalization/scratch/atail-force/bank-clean-lean-certificate/compact-fallback/LambdaKxFine/N082MergePart00.lean:37:63: warning: Used `tac1 <;> tac2` where `(tac1; tac2)` would suffice

Note: This linter can be disabled with `set_option linter.unnecessarySeqFocus false`
/Users/adam/projects/math-projects/erdos-97-96-formalization/scratch/atail-force/bank-clean-lean-certificate/compact-fallback/LambdaKxFine/N082MergePart00.lean:42:63: warning: Used `tac1 <;> tac2` where `(tac1; tac2)` would suffice

Note: This linter can be disabled with `set_option linter.unnecessarySeqFocus false`
/Users/adam/projects/math-projects/erdos-97-96-formalization/scratch/atail-force/bank-clean-lean-certificate/compact-fallback/LambdaKxFine/N082MergePart00.lean:47:63: warning: Used `tac1 <;> tac2` where `(tac1; tac2)` would suffice

Note: This linter can be disabled with `set_option linter.unnecessarySeqFocus false`
/Users/adam/projects/math-projects/erdos-97-96-formalization/scratch/atail-force/bank-clean-lean-certificate/compact-fallback/LambdaKxFine/N082MergePart00.lean:52:63: warning: Used `tac1 <;> tac2` where `(tac1; tac2)` would suffice

Note: This linter can be disabled with `set_option linter.unnecessarySeqFocus false`
/Users/adam/projects/math-projects/erdos-97-96-formalization/scratch/atail-force/bank-clean-lean-certificate/compact-fallback/LambdaKxFine/N082MergePart00.lean:57:63: warning: Used `tac1 <;> tac2` where `(tac1; tac2)` would suffice

Note: This linter can be disabled with `set_option linter.unnecessarySeqFocus false`
/Users/adam/projects/math-projects/erdos-97-96-formalization/scratch/atail-force/bank-clean-lean-certificate/compact-fallback/LambdaKxFine/N082MergePart00.lean:62:65: warning: Used `tac1 <;> tac2` where `(tac1; tac2)` would suffice

Note: This linter can be disabled with `set_option linter.unnecessarySeqFocus false`
/Users/adam/projects/math-projects/erdos-97-96-formalization/scratch/atail-force/bank-clean-lean-certificate/compact-fallback/LambdaKxFine/N082MergePart00.lean:67:65: warning: Used `tac1 <;> tac2` where `(tac1; tac2)` would suffice

Note: This linter can be disabled with `set_option linter.unnecessarySeqFocus false`
/Users/adam/projects/math-projects/erdos-97-96-formalization/scratch/atail-force/bank-clean-lean-certificate/compact-fallback/LambdaKxFine/N082MergePart00.lean:72:65: warning: Used `tac1 <;> tac2` where `(tac1; tac2)` would suffice

Note: This linter can be disabled with `set_option linter.unnecessarySeqFocus false`
/Users/adam/projects/math-projects/erdos-97-96-formalization/scratch/atail-force/bank-clean-lean-certificate/compact-fallback/LambdaKxFine/N082MergePart00.lean:77:65: warning: Used `tac1 <;> tac2` where `(tac1; tac2)` would suffice

Note: This linter can be disabled with `set_option linter.unnecessarySeqFocus false`
/Users/adam/projects/math-projects/erdos-97-96-formalization/scratch/atail-force/bank-clean-lean-certificate/compact-fallback/LambdaKxFine/N082MergePart00.lean:82:65: warning: Used `tac1 <;> tac2` where `(tac1; tac2)` would suffice

Note: This linter can be disabled with `set_option linter.unnecessarySeqFocus false`
/Users/adam/projects/math-projects/erdos-97-96-formalization/scratch/atail-force/bank-clean-lean-certificate/compact-fallback/LambdaKxFine/N082MergePart00.lean:87:65: warning: Used `tac1 <;> tac2` where `(tac1; tac2)` would suffice

Note: This linter can be disabled with `set_option linter.unnecessarySeqFocus false`
/Users/adam/projects/math-projects/erdos-97-96-formalization/scratch/atail-force/bank-clean-lean-certificate/compact-fallback/LambdaKxFine/N082MergePart00.lean:92:65: warning: Used `tac1 <;> tac2` where `(tac1; tac2)` would suffice

Note: This linter can be disabled with `set_option linter.unnecessarySeqFocus false`
/Users/adam/projects/math-projects/erdos-97-96-formalization/scratch/atail-force/bank-clean-lean-certificate/compact-fallback/LambdaKxFine/N082MergePart00.lean:97:65: warning: Used `tac1 <;> tac2` where `(tac1; tac2)` would suffice

Note: This linter can be disabled with `set_option linter.unnecessarySeqFocus false`
/Users/adam/projects/math-projects/erdos-97-96-formalization/scratch/atail-force/bank-clean-lean-certificate/compact-fallback/LambdaKxFine/N082MergePart00.lean:102:65: warning: Used `tac1 <;> tac2` where `(tac1; tac2)` would suffice

Note: This linter can be disabled with `set_option linter.unnecessarySeqFocus false`
/Users/adam/projects/math-projects/erdos-97-96-formalization/scratch/atail-force/bank-clean-lean-certificate/compact-fallback/LambdaKxFine/N082MergePart00.lean:107:65: warning: Used `tac1 <;> tac2` where `(tac1; tac2)` would suffice

Note: This linter can be disabled with `set_option linter.unnecessarySeqFocus false`
/Users/adam/projects/math-projects/erdos-97-96-formalization/scratch/atail-force/bank-clean-lean-certificate/compact-fallback/LambdaKxFine/N082MergePart00.lean:112:65: warning: Used `tac1 <;> tac2` where `(tac1; tac2)` would suffice

Note: This linter can be disabled with `set_option linter.unnecessarySeqFocus false`
/Users/adam/projects/math-projects/erdos-97-96-formalization/scratch/atail-force/bank-clean-lean-certificate/compact-fallback/LambdaKxFine/N082MergePart00.lean:117:65: warning: Used `tac1 <;> tac2` where `(tac1; tac2)` would suffice

Note: This linter can be disabled with `set_option linter.unnecessarySeqFocus false`
/Users/adam/projects/math-projects/erdos-97-96-formalization/scratch/atail-force/bank-clean-lean-certificate/compact-fallback/LambdaKxFine/N082MergePart00.lean:122:65: warning: Used `tac1 <;> tac2` where `(tac1; tac2)` would suffice

Note: This linter can be disabled with `set_option linter.unnecessarySeqFocus false`
/Users/adam/projects/math-projects/erdos-97-96-formalization/scratch/atail-force/bank-clean-lean-certificate/compact-fallback/LambdaKxFine/N082MergePart00.lean:127:65: warning: Used `tac1 <;> tac2` where `(tac1; tac2)` would suffice

Note: This linter can be disabled with `set_option linter.unnecessarySeqFocus false`
/Users/adam/projects/math-projects/erdos-97-96-formalization/scratch/atail-force/bank-clean-lean-certificate/compact-fallback/LambdaKxFine/N082MergePart00.lean:132:65: warning: Used `tac1 <;> tac2` where `(tac1; tac2)` would suffice

Note: This linter can be disabled with `set_option linter.unnecessarySeqFocus false`
/Users/adam/projects/math-projects/erdos-97-96-formalization/scratch/atail-force/bank-clean-lean-certificate/compact-fallback/LambdaKxFine/N082MergePart00.lean:137:65: warning: Used `tac1 <;> tac2` where `(tac1; tac2)` would suffice

Note: This linter can be disabled with `set_option linter.unnecessarySeqFocus false`
/Users/adam/projects/math-projects/erdos-97-96-formalization/scratch/atail-force/bank-clean-lean-certificate/compact-fallback/LambdaKxFine/N082MergePart00.lean:142:65: warning: Used `tac1 <;> tac2` where `(tac1; tac2)` would suffice

Note: This linter can be disabled with `set_option linter.unnecessarySeqFocus false`
/Users/adam/projects/math-projects/erdos-97-96-formalization/scratch/atail-force/bank-clean-lean-certificate/compact-fallback/LambdaKxFine/N082MergePart00.lean:147:65: warning: Used `tac1 <;> tac2` where `(tac1; tac2)` would suffice

Note: This linter can be disabled with `set_option linter.unnecessarySeqFocus false`
/Users/adam/projects/math-projects/erdos-97-96-formalization/scratch/atail-force/bank-clean-lean-certificate/compact-fallback/LambdaKxFine/N082MergePart00.lean:152:65: warning: Used `tac1 <;> tac2` where `(tac1; tac2)` would suffice

Note: This linter can be disabled with `set_option linter.unnecessarySeqFocus false`
/Users/adam/projects/math-projects/erdos-97-96-formalization/scratch/atail-force/bank-clean-lean-certificate/compact-fallback/LambdaKxFine/N082MergePart00.lean:157:65: warning: Used `tac1 <;> tac2` where `(tac1; tac2)` would suffice

Note: This linter can be disabled with `set_option linter.unnecessarySeqFocus false`
/Users/adam/projects/math-projects/erdos-97-96-formalization/scratch/atail-force/bank-clean-lean-certificate/compact-fallback/LambdaKxFine/N082MergePart00.lean:162:65: warning: Used `tac1 <;> tac2` where `(tac1; tac2)` would suffice

Note: This linter can be disabled with `set_option linter.unnecessarySeqFocus false`
/Users/adam/projects/math-projects/erdos-97-96-formalization/scratch/atail-force/bank-clean-lean-certificate/compact-fallback/LambdaKxFine/N082MergePart00.lean:167:65: warning: Used `tac1 <;> tac2` where `(tac1; tac2)` would suffice

Note: This linter can be disabled with `set_option linter.unnecessarySeqFocus false`
/Users/adam/projects/math-projects/erdos-97-96-formalization/scratch/atail-force/bank-clean-lean-certificate/compact-fallback/LambdaKxFine/N082MergePart00.lean:172:65: warning: Used `tac1 <;> tac2` where `(tac1; tac2)` would suffice

Note: This linter can be disabled with `set_option linter.unnecessarySeqFocus false`
/Users/adam/projects/math-projects/erdos-97-96-formalization/scratch/atail-force/bank-clean-lean-certificate/compact-fallback/LambdaKxFine/N082MergePart00.lean:177:65: warning: Used `tac1 <;> tac2` where `(tac1; tac2)` would suffice

Note: This linter can be disabled with `set_option linter.unnecessarySeqFocus false`
/Users/adam/projects/math-projects/erdos-97-96-formalization/scratch/atail-force/bank-clean-lean-certificate/compact-fallback/LambdaKxFine/N082MergePart00.lean:182:65: warning: Used `tac1 <;> tac2` where `(tac1; tac2)` would suffice

Note: This linter can be disabled with `set_option linter.unnecessarySeqFocus false`
/Users/adam/projects/math-projects/erdos-97-96-formalization/scratch/atail-force/bank-clean-lean-certificate/compact-fallback/LambdaKxFine/N082MergePart00.lean:187:65: warning: Used `tac1 <;> tac2` where `(tac1; tac2)` would suffice

Note: This linter can be disabled with `set_option linter.unnecessarySeqFocus false`
/Users/adam/projects/math-projects/erdos-97-96-formalization/scratch/atail-force/bank-clean-lean-certificate/compact-fallback/LambdaKxFine/N082MergePart00.lean:192:65: warning: Used `tac1 <;> tac2` where `(tac1; tac2)` would suffice

Note: This linter can be disabled with `set_option linter.unnecessarySeqFocus false`
/Users/adam/projects/math-projects/erdos-97-96-formalization/scratch/atail-force/bank-clean-lean-certificate/compact-fallback/LambdaKxFine/N082MergePart00.lean:197:65: warning: Used `tac1 <;> tac2` where `(tac1; tac2)` would suffice

Note: This linter can be disabled with `set_option linter.unnecessarySeqFocus false`
/Users/adam/projects/math-projects/erdos-97-96-formalization/scratch/atail-force/bank-clean-lean-certificate/compact-fallback/LambdaKxFine/N082MergePart00.lean:202:65: warning: Used `tac1 <;> tac2` where `(tac1; tac2)` would suffice

Note: This linter can be disabled with `set_option linter.unnecessarySeqFocus false`
/Users/adam/projects/math-projects/erdos-97-96-formalization/scratch/atail-force/bank-clean-lean-certificate/compact-fallback/LambdaKxFine/N082MergePart00.lean:207:91: warning: Used `tac1 <;> tac2` where `(tac1; tac2)` would suffice

Note: This linter can be disabled with `set_option linter.unnecessarySeqFocus false`
/Users/adam/projects/math-projects/erdos-97-96-formalization/scratch/atail-force/bank-clean-lean-certificate/compact-fallback/LambdaKxFine/N082MergePart00.lean:212:91: warning: Used `tac1 <;> tac2` where `(tac1; tac2)` would suffice

Note: This linter can be disabled with `set_option linter.unnecessarySeqFocus false`
/Users/adam/projects/math-projects/erdos-97-96-formalization/scratch/atail-force/bank-clean-lean-certificate/compact-fallback/LambdaKxFine/N082MergePart00.lean:217:65: warning: Used `tac1 <;> tac2` where `(tac1; tac2)` would suffice

Note: This linter can be disabled with `set_option linter.unnecessarySeqFocus false`
/Users/adam/projects/math-projects/erdos-97-96-formalization/scratch/atail-force/bank-clean-lean-certificate/compact-fallback/LambdaKxFine/N082MergePart00.lean:222:91: warning: Used `tac1 <;> tac2` where `(tac1; tac2)` would suffice

Note: This linter can be disabled with `set_option linter.unnecessarySeqFocus false`
/Users/adam/projects/math-projects/erdos-97-96-formalization/scratch/atail-force/bank-clean-lean-certificate/compact-fallback/LambdaKxFine/N082MergePart00.lean:227:91: warning: Used `tac1 <;> tac2` where `(tac1; tac2)` would suffice

Note: This linter can be disabled with `set_option linter.unnecessarySeqFocus false`
/Users/adam/projects/math-projects/erdos-97-96-formalization/scratch/atail-force/bank-clean-lean-certificate/compact-fallback/LambdaKxFine/N082MergePart00.lean:232:91: warning: Used `tac1 <;> tac2` where `(tac1; tac2)` would suffice

Note: This linter can be disabled with `set_option linter.unnecessarySeqFocus false`
/Users/adam/projects/math-projects/erdos-97-96-formalization/scratch/atail-force/bank-clean-lean-certificate/compact-fallback/LambdaKxFine/N082MergePart00.lean:237:91: warning: Used `tac1 <;> tac2` where `(tac1; tac2)` would suffice

Note: This linter can be disabled with `set_option linter.unnecessarySeqFocus false`
/Users/adam/projects/math-projects/erdos-97-96-formalization/scratch/atail-force/bank-clean-lean-certificate/compact-fallback/LambdaKxFine/N082MergePart00.lean:242:91: warning: Used `tac1 <;> tac2` where `(tac1; tac2)` would suffice

Note: This linter can be disabled with `set_option linter.unnecessarySeqFocus false`
/Users/adam/projects/math-projects/erdos-97-96-formalization/scratch/atail-force/bank-clean-lean-certificate/compact-fallback/LambdaKxFine/N082MergePart00.lean:247:91: warning: Used `tac1 <;> tac2` where `(tac1; tac2)` would suffice

Note: This linter can be disabled with `set_option linter.unnecessarySeqFocus false`
/Users/adam/projects/math-projects/erdos-97-96-formalization/scratch/atail-force/bank-clean-lean-certificate/compact-fallback/LambdaKxFine/N082MergePart00.lean:252:65: warning: Used `tac1 <;> tac2` where `(tac1; tac2)` would suffice

Note: This linter can be disabled with `set_option linter.unnecessarySeqFocus false`
/Users/adam/projects/math-projects/erdos-97-96-formalization/scratch/atail-force/bank-clean-lean-certificate/compact-fallback/LambdaKxFine/N082MergePart00.lean:257:65: warning: Used `tac1 <;> tac2` where `(tac1; tac2)` would suffice

Note: This linter can be disabled with `set_option linter.unnecessarySeqFocus false`
/Users/adam/projects/math-projects/erdos-97-96-formalization/scratch/atail-force/bank-clean-lean-certificate/compact-fallback/LambdaKxFine/N082MergePart00.lean:262:65: warning: Used `tac1 <;> tac2` where `(tac1; tac2)` would suffice

Note: This linter can be disabled with `set_option linter.unnecessarySeqFocus false`
/Users/adam/projects/math-projects/erdos-97-96-formalization/scratch/atail-force/bank-clean-lean-certificate/compact-fallback/LambdaKxFine/N082MergePart00.lean:267:91: warning: Used `tac1 <;> tac2` where `(tac1; tac2)` would suffice

Note: This linter can be disabled with `set_option linter.unnecessarySeqFocus false`
/Users/adam/projects/math-projects/erdos-97-96-formalization/scratch/atail-force/bank-clean-lean-certificate/compact-fallback/LambdaKxFine/N082MergePart00.lean:272:91: warning: Used `tac1 <;> tac2` where `(tac1; tac2)` would suffice

Note: This linter can be disabled with `set_option linter.unnecessarySeqFocus false`
/Users/adam/projects/math-projects/erdos-97-96-formalization/scratch/atail-force/bank-clean-lean-certificate/compact-fallback/LambdaKxFine/N082MergePart00.lean:277:91: warning: Used `tac1 <;> tac2` where `(tac1; tac2)` would suffice

Note: This linter can be disabled with `set_option linter.unnecessarySeqFocus false`
/Users/adam/projects/math-projects/erdos-97-96-formalization/scratch/atail-force/bank-clean-lean-certificate/compact-fallback/LambdaKxFine/N082MergePart00.lean:282:91: warning: Used `tac1 <;> tac2` where `(tac1; tac2)` would suffice

Note: This linter can be disabled with `set_option linter.unnecessarySeqFocus false`
/Users/adam/projects/math-projects/erdos-97-96-formalization/scratch/atail-force/bank-clean-lean-certificate/compact-fallback/LambdaKxFine/N082MergePart00.lean:287:91: warning: Used `tac1 <;> tac2` where `(tac1; tac2)` would suffice

Note: This linter can be disabled with `set_option linter.unnecessarySeqFocus false`
/Users/adam/projects/math-projects/erdos-97-96-formalization/scratch/atail-force/bank-clean-lean-certificate/compact-fallback/LambdaKxFine/N082MergePart00.lean:292:91: warning: Used `tac1 <;> tac2` where `(tac1; tac2)` would suffice

Note: This linter can be disabled with `set_option linter.unnecessarySeqFocus false`
/Users/adam/projects/math-projects/erdos-97-96-formalization/scratch/atail-force/bank-clean-lean-certificate/compact-fallback/LambdaKxFine/N082MergePart00.lean:297:91: warning: Used `tac1 <;> tac2` where `(tac1; tac2)` would suffice

Note: This linter can be disabled with `set_option linter.unnecessarySeqFocus false`
/Users/adam/projects/math-projects/erdos-97-96-formalization/scratch/atail-force/bank-clean-lean-certificate/compact-fallback/LambdaKxFine/N082MergePart00.lean:302:65: warning: Used `tac1 <;> tac2` where `(tac1; tac2)` would suffice

Note: This linter can be disabled with `set_option linter.unnecessarySeqFocus false`
/Users/adam/projects/math-projects/erdos-97-96-formalization/scratch/atail-force/bank-clean-lean-certificate/compact-fallback/LambdaKxFine/N082MergePart00.lean:307:65: warning: Used `tac1 <;> tac2` where `(tac1; tac2)` would suffice

Note: This linter can be disabled with `set_option linter.unnecessarySeqFocus false`
/Users/adam/projects/math-projects/erdos-97-96-formalization/scratch/atail-force/bank-clean-lean-certificate/compact-fallback/LambdaKxFine/N082MergePart00.lean:312:65: warning: Used `tac1 <;> tac2` where `(tac1; tac2)` would suffice

Note: This linter can be disabled with `set_option linter.unnecessarySeqFocus false`
/Users/adam/projects/math-projects/erdos-97-96-formalization/scratch/atail-force/bank-clean-lean-certificate/compact-fallback/LambdaKxFine/N082MergePart00.lean:317:65: warning: Used `tac1 <;> tac2` where `(tac1; tac2)` would suffice

Note: This linter can be disabled with `set_option linter.unnecessarySeqFocus false`
/Users/adam/projects/math-projects/erdos-97-96-formalization/scratch/atail-force/bank-clean-lean-certificate/compact-fallback/LambdaKxFine/N082MergePart00.lean:322:65: warning: Used `tac1 <;> tac2` where `(tac1; tac2)` would suffice

Note: This linter can be disabled with `set_option linter.unnecessarySeqFocus false`
/Users/adam/projects/math-projects/erdos-97-96-formalization/scratch/atail-force/bank-clean-lean-certificate/compact-fallback/LambdaKxFine/N082MergePart00.lean:327:65: warning: Used `tac1 <;> tac2` where `(tac1; tac2)` would suffice

Note: This linter can be disabled with `set_option linter.unnecessarySeqFocus false`
/Users/adam/projects/math-projects/erdos-97-96-formalization/scratch/atail-force/bank-clean-lean-certificate/compact-fallback/LambdaKxFine/N082MergePart00.lean:332:65: warning: Used `tac1 <;> tac2` where `(tac1; tac2)` would suffice

Note: This linter can be disabled with `set_option linter.unnecessarySeqFocus false`
/Users/adam/projects/math-projects/erdos-97-96-formalization/scratch/atail-force/bank-clean-lean-certificate/compact-fallback/LambdaKxFine/N082MergePart00.lean:337:91: warning: Used `tac1 <;> tac2` where `(tac1; tac2)` would suffice

Note: This linter can be disabled with `set_option linter.unnecessarySeqFocus false`
/Users/adam/projects/math-projects/erdos-97-96-formalization/scratch/atail-force/bank-clean-lean-certificate/compact-fallback/LambdaKxFine/N082MergePart00.lean:342:91: warning: Used `tac1 <;> tac2` where `(tac1; tac2)` would suffice

Note: This linter can be disabled with `set_option linter.unnecessarySeqFocus false`
/Users/adam/projects/math-projects/erdos-97-96-formalization/scratch/atail-force/bank-clean-lean-certificate/compact-fallback/LambdaKxFine/N082MergePart00.lean:347:91: warning: Used `tac1 <;> tac2` where `(tac1; tac2)` would suffice

Note: This linter can be disabled with `set_option linter.unnecessarySeqFocus false`
/Users/adam/projects/math-projects/erdos-97-96-formalization/scratch/atail-force/bank-clean-lean-certificate/compact-fallback/LambdaKxFine/N082MergePart00.lean:352:91: warning: Used `tac1 <;> tac2` where `(tac1; tac2)` would suffice

Note: This linter can be disabled with `set_option linter.unnecessarySeqFocus false`
/Users/adam/projects/math-projects/erdos-97-96-formalization/scratch/atail-force/bank-clean-lean-certificate/compact-fallback/LambdaKxFine/N082MergePart00.lean:357:91: warning: Used `tac1 <;> tac2` where `(tac1; tac2)` would suffice

Note: This linter can be disabled with `set_option linter.unnecessarySeqFocus false`
/Users/adam/projects/math-projects/erdos-97-96-formalization/scratch/atail-force/bank-clean-lean-certificate/compact-fallback/LambdaKxFine/N082MergePart00.lean:362:65: warning: Used `tac1 <;> tac2` where `(tac1; tac2)` would suffice

Note: This linter can be disabled with `set_option linter.unnecessarySeqFocus false`
/Users/adam/projects/math-projects/erdos-97-96-formalization/scratch/atail-force/bank-clean-lean-certificate/compact-fallback/LambdaKxFine/N082MergePart00.lean:367:65: warning: Used `tac1 <;> tac2` where `(tac1; tac2)` would suffice

Note: This linter can be disabled with `set_option linter.unnecessarySeqFocus false`
/Users/adam/projects/math-projects/erdos-97-96-formalization/scratch/atail-force/bank-clean-lean-certificate/compact-fallback/LambdaKxFine/N082MergePart00.lean:372:65: warning: Used `tac1 <;> tac2` where `(tac1; tac2)` would suffice

Note: This linter can be disabled with `set_option linter.unnecessarySeqFocus false`
/Users/adam/projects/math-projects/erdos-97-96-formalization/scratch/atail-force/bank-clean-lean-certificate/compact-fallback/LambdaKxFine/N082MergePart00.lean:377:65: warning: Used `tac1 <;> tac2` where `(tac1; tac2)` would suffice

Note: This linter can be disabled with `set_option linter.unnecessarySeqFocus false`
/Users/adam/projects/math-projects/erdos-97-96-formalization/scratch/atail-force/bank-clean-lean-certificate/compact-fallback/LambdaKxFine/N082MergePart00.lean:382:65: warning: Used `tac1 <;> tac2` where `(tac1; tac2)` would suffice

Note: This linter can be disabled with `set_option linter.unnecessarySeqFocus false`
/Users/adam/projects/math-projects/erdos-97-96-formalization/scratch/atail-force/bank-clean-lean-certificate/compact-fallback/LambdaKxFine/N082MergePart00.lean:387:65: warning: Used `tac1 <;> tac2` where `(tac1; tac2)` would suffice

Note: This linter can be disabled with `set_option linter.unnecessarySeqFocus false`
/Users/adam/projects/math-projects/erdos-97-96-formalization/scratch/atail-force/bank-clean-lean-certificate/compact-fallback/LambdaKxFine/N082MergePart00.lean:392:65: warning: Used `tac1 <;> tac2` where `(tac1; tac2)` would suffice

Note: This linter can be disabled with `set_option linter.unnecessarySeqFocus false`
/Users/adam/projects/math-projects/erdos-97-96-formalization/scratch/atail-force/bank-clean-lean-certificate/compact-fallback/LambdaKxFine/N082MergePart00.lean:397:65: warning: Used `tac1 <;> tac2` where `(tac1; tac2)` would suffice

Note: This linter can be disabled with `set_option linter.unnecessarySeqFocus false`
/Users/adam/projects/math-projects/erdos-97-96-formalization/scratch/atail-force/bank-clean-lean-certificate/compact-fallback/LambdaKxFine/N082MergePart00.lean:402:65: warning: Used `tac1 <;> tac2` where `(tac1; tac2)` would suffice

Note: This linter can be disabled with `set_option linter.unnecessarySeqFocus false`
/Users/adam/projects/math-projects/erdos-97-96-formalization/scratch/atail-force/bank-clean-lean-certificate/compact-fallback/LambdaKxFine/N082MergePart00.lean:407:65: warning: Used `tac1 <;> tac2` where `(tac1; tac2)` would suffice

Note: This linter can be disabled with `set_option linter.unnecessarySeqFocus false`
/Users/adam/projects/math-projects/erdos-97-96-formalization/scratch/atail-force/bank-clean-lean-certificate/compact-fallback/LambdaKxFine/N082MergePart00.lean:412:65: warning: Used `tac1 <;> tac2` where `(tac1; tac2)` would suffice

Note: This linter can be disabled with `set_option linter.unnecessarySeqFocus false`
/Users/adam/projects/math-projects/erdos-97-96-formalization/scratch/atail-force/bank-clean-lean-certificate/compact-fallback/LambdaKxFine/N082MergePart00.lean:417:65: warning: Used `tac1 <;> tac2` where `(tac1; tac2)` would suffice

Note: This linter can be disabled with `set_option linter.unnecessarySeqFocus false`
/Users/adam/projects/math-projects/erdos-97-96-formalization/scratch/atail-force/bank-clean-lean-certificate/compact-fallback/LambdaKxFine/N082MergePart00.lean:422:65: warning: Used `tac1 <;> tac2` where `(tac1; tac2)` would suffice

Note: This linter can be disabled with `set_option linter.unnecessarySeqFocus false`
/Users/adam/projects/math-projects/erdos-97-96-formalization/scratch/atail-force/bank-clean-lean-certificate/compact-fallback/LambdaKxFine/N082MergePart00.lean:427:65: warning: Used `tac1 <;> tac2` where `(tac1; tac2)` would suffice

Note: This linter can be disabled with `set_option linter.unnecessarySeqFocus false`
/Users/adam/projects/math-projects/erdos-97-96-formalization/scratch/atail-force/bank-clean-lean-certificate/compact-fallback/LambdaKxFine/N082MergePart00.lean:432:65: warning: Used `tac1 <;> tac2` where `(tac1; tac2)` would suffice

Note: This linter can be disabled with `set_option linter.unnecessarySeqFocus false`
/Users/adam/projects/math-projects/erdos-97-96-formalization/scratch/atail-force/bank-clean-lean-certificate/compact-fallback/LambdaKxFine/N082MergePart00.lean:437:65: warning: Used `tac1 <;> tac2` where `(tac1; tac2)` would suffice

Note: This linter can be disabled with `set_option linter.unnecessarySeqFocus false`
/Users/adam/projects/math-projects/erdos-97-96-formalization/scratch/atail-force/bank-clean-lean-certificate/compact-fallback/LambdaKxFine/N082MergePart00.lean:442:65: warning: Used `tac1 <;> tac2` where `(tac1; tac2)` would suffice

Note: This linter can be disabled with `set_option linter.unnecessarySeqFocus false`
/Users/adam/projects/math-projects/erdos-97-96-formalization/scratch/atail-force/bank-clean-lean-certificate/compact-fallback/LambdaKxFine/N082MergePart00.lean:447:91: warning: Used `tac1 <;> tac2` where `(tac1; tac2)` would suffice

Note: This linter can be disabled with `set_option linter.unnecessarySeqFocus false`
/Users/adam/projects/math-projects/erdos-97-96-formalization/scratch/atail-force/bank-clean-lean-certificate/compact-fallback/LambdaKxFine/N082MergePart00.lean:452:91: warning: Used `tac1 <;> tac2` where `(tac1; tac2)` would suffice

Note: This linter can be disabled with `set_option linter.unnecessarySeqFocus false`
/Users/adam/projects/math-projects/erdos-97-96-formalization/scratch/atail-force/bank-clean-lean-certificate/compact-fallback/LambdaKxFine/N082MergePart00.lean:457:91: warning: Used `tac1 <;> tac2` where `(tac1; tac2)` would suffice

Note: This linter can be disabled with `set_option linter.unnecessarySeqFocus false`
/Users/adam/projects/math-projects/erdos-97-96-formalization/scratch/atail-force/bank-clean-lean-certificate/compact-fallback/LambdaKxFine/N082MergePart00.lean:462:91: warning: Used `tac1 <;> tac2` where `(tac1; tac2)` would suffice

Note: This linter can be disabled with `set_option linter.unnecessarySeqFocus false`
/Users/adam/projects/math-projects/erdos-97-96-formalization/scratch/atail-force/bank-clean-lean-certificate/compact-fallback/LambdaKxFine/N082MergePart00.lean:467:91: warning: Used `tac1 <;> tac2` where `(tac1; tac2)` would suffice

Note: This linter can be disabled with `set_option linter.unnecessarySeqFocus false`
/Users/adam/projects/math-projects/erdos-97-96-formalization/scratch/atail-force/bank-clean-lean-certificate/compact-fallback/LambdaKxFine/N082MergePart00.lean:472:65: warning: Used `tac1 <;> tac2` where `(tac1; tac2)` would suffice

Note: This linter can be disabled with `set_option linter.unnecessarySeqFocus false`
/Users/adam/projects/math-projects/erdos-97-96-formalization/scratch/atail-force/bank-clean-lean-certificate/compact-fallback/LambdaKxFine/N082MergePart00.lean:477:91: warning: Used `tac1 <;> tac2` where `(tac1; tac2)` would suffice

Note: This linter can be disabled with `set_option linter.unnecessarySeqFocus false`
/Users/adam/projects/math-projects/erdos-97-96-formalization/scratch/atail-force/bank-clean-lean-certificate/compact-fallback/LambdaKxFine/N082MergePart00.lean:482:91: warning: Used `tac1 <;> tac2` where `(tac1; tac2)` would suffice

Note: This linter can be disabled with `set_option linter.unnecessarySeqFocus false`
/Users/adam/projects/math-projects/erdos-97-96-formalization/scratch/atail-force/bank-clean-lean-certificate/compact-fallback/LambdaKxFine/N082MergePart00.lean:487:91: warning: Used `tac1 <;> tac2` where `(tac1; tac2)` would suffice

Note: This linter can be disabled with `set_option linter.unnecessarySeqFocus false`
/Users/adam/projects/math-projects/erdos-97-96-formalization/scratch/atail-force/bank-clean-lean-certificate/compact-fallback/LambdaKxFine/N082MergePart00.lean:492:91: warning: Used `tac1 <;> tac2` where `(tac1; tac2)` would suffice

Note: This linter can be disabled with `set_option linter.unnecessarySeqFocus false`
/Users/adam/projects/math-projects/erdos-97-96-formalization/scratch/atail-force/bank-clean-lean-certificate/compact-fallback/LambdaKxFine/N082MergePart00.lean:497:94: warning: Used `tac1 <;> tac2` where `(tac1; tac2)` would suffice

Note: This linter can be disabled with `set_option linter.unnecessarySeqFocus false`
/Users/adam/projects/math-projects/erdos-97-96-formalization/scratch/atail-force/bank-clean-lean-certificate/compact-fallback/LambdaKxFine/N082MergePart00.lean:502:94: warning: Used `tac1 <;> tac2` where `(tac1; tac2)` would suffice

Note: This linter can be disabled with `set_option linter.unnecessarySeqFocus false`
/Users/adam/projects/math-projects/erdos-97-96-formalization/scratch/atail-force/bank-clean-lean-certificate/compact-fallback/LambdaKxFine/N082MergePart00.lean:507:94: warning: Used `tac1 <;> tac2` where `(tac1; tac2)` would suffice

Note: This linter can be disabled with `set_option linter.unnecessarySeqFocus false`
/Users/adam/projects/math-projects/erdos-97-96-formalization/scratch/atail-force/bank-clean-lean-certificate/compact-fallback/LambdaKxFine/N082MergePart00.lean:512:94: warning: Used `tac1 <;> tac2` where `(tac1; tac2)` would suffice

Note: This linter can be disabled with `set_option linter.unnecessarySeqFocus false`
/Users/adam/projects/math-projects/erdos-97-96-formalization/scratch/atail-force/bank-clean-lean-certificate/compact-fallback/LambdaKxFine/N082MergePart00.lean:517:94: warning: Used `tac1 <;> tac2` where `(tac1; tac2)` would suffice

Note: This linter can be disabled with `set_option linter.unnecessarySeqFocus false`
/Users/adam/projects/math-projects/erdos-97-96-formalization/scratch/atail-force/bank-clean-lean-certificate/compact-fallback/LambdaKxFine/N082MergePart00.lean:522:94: warning: Used `tac1 <;> tac2` where `(tac1; tac2)` would suffice

Note: This linter can be disabled with `set_option linter.unnecessarySeqFocus false`
/Users/adam/projects/math-projects/erdos-97-96-formalization/scratch/atail-force/bank-clean-lean-certificate/compact-fallback/LambdaKxFine/N082MergePart00.lean:527:67: warning: Used `tac1 <;> tac2` where `(tac1; tac2)` would suffice

Note: This linter can be disabled with `set_option linter.unnecessarySeqFocus false`
/Users/adam/projects/math-projects/erdos-97-96-formalization/scratch/atail-force/bank-clean-lean-certificate/compact-fallback/LambdaKxFine/N082MergePart00.lean:532:67: warning: Used `tac1 <;> tac2` where `(tac1; tac2)` would suffice

Note: This linter can be disabled with `set_option linter.unnecessarySeqFocus false`
/Users/adam/projects/math-projects/erdos-97-96-formalization/scratch/atail-force/bank-clean-lean-certificate/compact-fallback/LambdaKxFine/N082MergePart00.lean:537:67: warning: Used `tac1 <;> tac2` where `(tac1; tac2)` would suffice

Note: This linter can be disabled with `set_option linter.unnecessarySeqFocus false`
/Users/adam/projects/math-projects/erdos-97-96-formalization/scratch/atail-force/bank-clean-lean-certificate/compact-fallback/LambdaKxFine/N082MergePart00.lean:542:67: warning: Used `tac1 <;> tac2` where `(tac1; tac2)` would suffice

Note: This linter can be disabled with `set_option linter.unnecessarySeqFocus false`
/Users/adam/projects/math-projects/erdos-97-96-formalization/scratch/atail-force/bank-clean-lean-certificate/compact-fallback/LambdaKxFine/N082MergePart00.lean:547:94: warning: Used `tac1 <;> tac2` where `(tac1; tac2)` would suffice

Note: This linter can be disabled with `set_option linter.unnecessarySeqFocus false`
/Users/adam/projects/math-projects/erdos-97-96-formalization/scratch/atail-force/bank-clean-lean-certificate/compact-fallback/LambdaKxFine/N082MergePart00.lean:552:94: warning: Used `tac1 <;> tac2` where `(tac1; tac2)` would suffice

Note: This linter can be disabled with `set_option linter.unnecessarySeqFocus false`
/Users/adam/projects/math-projects/erdos-97-96-formalization/scratch/atail-force/bank-clean-lean-certificate/compact-fallback/LambdaKxFine/N082MergePart00.lean:557:94: warning: Used `tac1 <;> tac2` where `(tac1; tac2)` would suffice

Note: This linter can be disabled with `set_option linter.unnecessarySeqFocus false`
/Users/adam/projects/math-projects/erdos-97-96-formalization/scratch/atail-force/bank-clean-lean-certificate/compact-fallback/LambdaKxFine/N082MergePart00.lean:562:94: warning: Used `tac1 <;> tac2` where `(tac1; tac2)` would suffice

Note: This linter can be disabled with `set_option linter.unnecessarySeqFocus false`
/Users/adam/projects/math-projects/erdos-97-96-formalization/scratch/atail-force/bank-clean-lean-certificate/compact-fallback/LambdaKxFine/N082MergePart00.lean:567:67: warning: Used `tac1 <;> tac2` where `(tac1; tac2)` would suffice

Note: This linter can be disabled with `set_option linter.unnecessarySeqFocus false`
/Users/adam/projects/math-projects/erdos-97-96-formalization/scratch/atail-force/bank-clean-lean-certificate/compact-fallback/LambdaKxFine/N082MergePart00.lean:572:94: warning: Used `tac1 <;> tac2` where `(tac1; tac2)` would suffice

Note: This linter can be disabled with `set_option linter.unnecessarySeqFocus false`
/Users/adam/projects/math-projects/erdos-97-96-formalization/scratch/atail-force/bank-clean-lean-certificate/compact-fallback/LambdaKxFine/N082MergePart00.lean:577:94: warning: Used `tac1 <;> tac2` where `(tac1; tac2)` would suffice

Note: This linter can be disabled with `set_option linter.unnecessarySeqFocus false`
/Users/adam/projects/math-projects/erdos-97-96-formalization/scratch/atail-force/bank-clean-lean-certificate/compact-fallback/LambdaKxFine/N082MergePart00.lean:582:98: warning: this tactic is never executed

Note: This linter can be disabled with `set_option linter.unreachableTactic false`
/Users/adam/projects/math-projects/erdos-97-96-formalization/scratch/atail-force/bank-clean-lean-certificate/compact-fallback/LambdaKxFine/N082MergePart00.lean:582:98: warning: 'ring' tactic does nothing

Note: This linter can be disabled with `set_option linter.unusedTactic false`
/Users/adam/projects/math-projects/erdos-97-96-formalization/scratch/atail-force/bank-clean-lean-certificate/compact-fallback/LambdaKxFine/N082MergePart00.lean:587:94: warning: Used `tac1 <;> tac2` where `(tac1; tac2)` would suffice

Note: This linter can be disabled with `set_option linter.unnecessarySeqFocus false`
/Users/adam/projects/math-projects/erdos-97-96-formalization/scratch/atail-force/bank-clean-lean-certificate/compact-fallback/LambdaKxFine/N082MergePart00.lean:592:94: warning: Used `tac1 <;> tac2` where `(tac1; tac2)` would suffice

Note: This linter can be disabled with `set_option linter.unnecessarySeqFocus false`
/Users/adam/projects/math-projects/erdos-97-96-formalization/scratch/atail-force/bank-clean-lean-certificate/compact-fallback/LambdaKxFine/N082MergePart00.lean:597:67: warning: Used `tac1 <;> tac2` where `(tac1; tac2)` would suffice

Note: This linter can be disabled with `set_option linter.unnecessarySeqFocus false`
/Users/adam/projects/math-projects/erdos-97-96-formalization/scratch/atail-force/bank-clean-lean-certificate/compact-fallback/LambdaKxFine/N082MergePart00.lean:602:67: warning: Used `tac1 <;> tac2` where `(tac1; tac2)` would suffice

Note: This linter can be disabled with `set_option linter.unnecessarySeqFocus false`
/Users/adam/projects/math-projects/erdos-97-96-formalization/scratch/atail-force/bank-clean-lean-certificate/compact-fallback/LambdaKxFine/N082MergePart00.lean:607:67: warning: Used `tac1 <;> tac2` where `(tac1; tac2)` would suffice

Note: This linter can be disabled with `set_option linter.unnecessarySeqFocus false`
/Users/adam/projects/math-projects/erdos-97-96-formalization/scratch/atail-force/bank-clean-lean-certificate/compact-fallback/LambdaKxFine/N082MergePart00.lean:612:67: warning: Used `tac1 <;> tac2` where `(tac1; tac2)` would suffice

Note: This linter can be disabled with `set_option linter.unnecessarySeqFocus false`
/Users/adam/projects/math-projects/erdos-97-96-formalization/scratch/atail-force/bank-clean-lean-certificate/compact-fallback/LambdaKxFine/N082MergePart00.lean:617:67: warning: Used `tac1 <;> tac2` where `(tac1; tac2)` would suffice

Note: This linter can be disabled with `set_option linter.unnecessarySeqFocus false`
/Users/adam/projects/math-projects/erdos-97-96-formalization/scratch/atail-force/bank-clean-lean-certificate/compact-fallback/LambdaKxFine/N082MergePart00.lean:622:67: warning: Used `tac1 <;> tac2` where `(tac1; tac2)` would suffice

Note: This linter can be disabled with `set_option linter.unnecessarySeqFocus false`
/Users/adam/projects/math-projects/erdos-97-96-formalization/scratch/atail-force/bank-clean-lean-certificate/compact-fallback/LambdaKxFine/N082MergePart00.lean:627:94: warning: Used `tac1 <;> tac2` where `(tac1; tac2)` would suffice

Note: This linter can be disabled with `set_option linter.unnecessarySeqFocus false`
/Users/adam/projects/math-projects/erdos-97-96-formalization/scratch/atail-force/bank-clean-lean-certificate/compact-fallback/LambdaKxFine/N082MergePart00.lean:632:67: warning: Used `tac1 <;> tac2` where `(tac1; tac2)` would suffice

Note: This linter can be disabled with `set_option linter.unnecessarySeqFocus false`
/Users/adam/projects/math-projects/erdos-97-96-formalization/scratch/atail-force/bank-clean-lean-certificate/compact-fallback/LambdaKxFine/N082MergePart00.lean:637:67: warning: Used `tac1 <;> tac2` where `(tac1; tac2)` would suffice

Note: This linter can be disabled with `set_option linter.unnecessarySeqFocus false`
/Users/adam/projects/math-projects/erdos-97-96-formalization/scratch/atail-force/bank-clean-lean-certificate/compact-fallback/LambdaKxFine/N082MergePart00.lean:642:67: warning: Used `tac1 <;> tac2` where `(tac1; tac2)` would suffice

Note: This linter can be disabled with `set_option linter.unnecessarySeqFocus false`
/Users/adam/projects/math-projects/erdos-97-96-formalization/scratch/atail-force/bank-clean-lean-certificate/compact-fallback/LambdaKxFine/N082MergePart00.lean:647:67: warning: Used `tac1 <;> tac2` where `(tac1; tac2)` would suffice

Note: This linter can be disabled with `set_option linter.unnecessarySeqFocus false`
/Users/adam/projects/math-projects/erdos-97-96-formalization/scratch/atail-force/bank-clean-lean-certificate/compact-fallback/LambdaKxFine/N082MergePart00.lean:652:67: warning: Used `tac1 <;> tac2` where `(tac1; tac2)` would suffice

Note: This linter can be disabled with `set_option linter.unnecessarySeqFocus false`
/Users/adam/projects/math-projects/erdos-97-96-formalization/scratch/atail-force/bank-clean-lean-certificate/compact-fallback/LambdaKxFine/N082MergePart00.lean:657:67: warning: Used `tac1 <;> tac2` where `(tac1; tac2)` would suffice

Note: This linter can be disabled with `set_option linter.unnecessarySeqFocus false`
/Users/adam/projects/math-projects/erdos-97-96-formalization/scratch/atail-force/bank-clean-lean-certificate/compact-fallback/LambdaKxFine/N082MergePart00.lean:662:67: warning: Used `tac1 <;> tac2` where `(tac1; tac2)` would suffice

Note: This linter can be disabled with `set_option linter.unnecessarySeqFocus false`
/Users/adam/projects/math-projects/erdos-97-96-formalization/scratch/atail-force/bank-clean-lean-certificate/compact-fallback/LambdaKxFine/N082MergePart00.lean:667:67: warning: Used `tac1 <;> tac2` where `(tac1; tac2)` would suffice

Note: This linter can be disabled with `set_option linter.unnecessarySeqFocus false`
/Users/adam/projects/math-projects/erdos-97-96-formalization/scratch/atail-force/bank-clean-lean-certificate/compact-fallback/LambdaKxFine/N082MergePart00.lean:672:67: warning: Used `tac1 <;> tac2` where `(tac1; tac2)` would suffice

Note: This linter can be disabled with `set_option linter.unnecessarySeqFocus false`
/Users/adam/projects/math-projects/erdos-97-96-formalization/scratch/atail-force/bank-clean-lean-certificate/compact-fallback/LambdaKxFine/N082MergePart00.lean:677:67: warning: Used `tac1 <;> tac2` where `(tac1; tac2)` would suffice

Note: This linter can be disabled with `set_option linter.unnecessarySeqFocus false`
/Users/adam/projects/math-projects/erdos-97-96-formalization/scratch/atail-force/bank-clean-lean-certificate/compact-fallback/LambdaKxFine/N082MergePart00.lean:682:67: warning: Used `tac1 <;> tac2` where `(tac1; tac2)` would suffice

Note: This linter can be disabled with `set_option linter.unnecessarySeqFocus false`
/Users/adam/projects/math-projects/erdos-97-96-formalization/scratch/atail-force/bank-clean-lean-certificate/compact-fallback/LambdaKxFine/N082MergePart00.lean:687:67: warning: Used `tac1 <;> tac2` where `(tac1; tac2)` would suffice

Note: This linter can be disabled with `set_option linter.unnecessarySeqFocus false`
/Users/adam/projects/math-projects/erdos-97-96-formalization/scratch/atail-force/bank-clean-lean-certificate/compact-fallback/LambdaKxFine/N082MergePart00.lean:692:67: warning: Used `tac1 <;> tac2` where `(tac1; tac2)` would suffice

Note: This linter can be disabled with `set_option linter.unnecessarySeqFocus false`
