{
  "boolean_count": 90,
  "constraint_count": 2518,
  "constraint_kinds": {
    "distance_normalization": 1,
    "guarded_row_equality_neg": 90,
    "guarded_row_equality_pos": 90,
    "positive_distance": 45,
    "row_cardinality": 10,
    "selected_pair_alternation": 840,
    "strict_kalmanson_k1": 210,
    "strict_kalmanson_k2": 210,
    "strong_connectivity_entering": 511,
    "strong_connectivity_leaving": 511
  },
  "epistemic_status": "FLOATING_MILP_WITH_EXACT_FIXED_ROW_REPLAY",
  "incumbent": {
    "epsilon": 6.167963925128843e-16,
    "exact_fixed_row_replay": {
      "status": "UNSAT",
      "unsat_core": [
        "k2_0_1_3_6",
        "k2_0_1_6_7",
        "k2_1_2_5_6",
        "k2_1_2_6_7",
        "k2_2_3_5_6",
        "k2_2_3_6_7",
        "row_0_1_3",
        "row_0_1_7",
        "row_1_0_3",
        "row_1_0_5",
        "row_3_2_5",
        "row_3_2_7"
      ]
    },
    "rows": {
      "0": [
        1,
        3,
        6,
        7
      ],
      "1": [
        0,
        2,
        3,
        5
      ],
      "2": [
        1,
        4,
        6,
        9
      ],
      "3": [
        2,
        4,
        5,
        7
      ],
      "4": [
        0,
        3,
        6,
        8
      ],
      "5": [
        3,
        4,
        7,
        9
      ],
      "6": [
        1,
        2,
        4,
        8
      ],
      "7": [
        5,
        6,
        8,
        9
      ],
      "8": [
        0,
        2,
        7,
        9
      ],
      "9": [
        0,
        1,
        5,
        8
      ]
    }
  },
  "mode": "all-rows",
  "n": 10,
  "schema": "p97-bare-all-center-normalized-milp-v1",
  "solver": {
    "message": "Time limit reached. (HiGHS Status 13: Time limit reached)",
    "mip_dual_bound": -0.0039215686274509136,
    "mip_gap": 6357962976199.441,
    "mip_node_count": 54848,
    "status": 1,
    "success": false
  },
  "variable_count": 146,
  "wall_seconds": 300.01722716598306
}
