{
  "alternation_clause_count": 280,
  "connectivity": false,
  "connectivity_clause_count": 0,
  "elapsed_seconds": 0.034878125006798655,
  "epistemic_status": "EXACT_IF_SAT_EXTERNAL_SMT_IF_UNSAT",
  "n": 8,
  "schema": "p97-four-row-selected-pair-alternation-decision-v1",
  "solver_statistics": "(:added-eqs           16328\n :arith-make-feasible 2\n :arith-max-columns   4\n :binary-propagations 16\n :conflicts           2369\n :decisions           2901\n :del-clause          8\n :final-checks        1\n :max-memory          18.37\n :memory              17.61\n :minimized-lits      2428\n :mk-bool-var         80\n :mk-clause           2657\n :mk-clause-binary    16\n :num-allocs          146478\n :num-checks          1\n :pb-conflicts        285\n :pb-predicates       24\n :pb-propagations     5517\n :pb-resolves         285\n :propagations        15466\n :restarts            20\n :rlimit-count        97074\n :time                0.01)",
  "status": "SAT",
  "verified_rows": {
    "0": [
      1,
      2,
      5,
      7
    ],
    "1": [
      0,
      2,
      3,
      6
    ],
    "2": [
      1,
      3,
      4,
      7
    ],
    "3": [
      0,
      2,
      4,
      5
    ],
    "4": [
      1,
      3,
      5,
      6
    ],
    "5": [
      2,
      4,
      6,
      7
    ],
    "6": [
      0,
      3,
      5,
      7
    ],
    "7": [
      0,
      1,
      4,
      6
    ]
  }
}
