[tri7x7] n=12: all-K4 subset FOUND [(0, 4), (1, 1), (1, 6), (2, 2), (2, 3), (2, 4), (3, 2), (3, 3), (4, 0), (4, 2), (4, 4), (6, 1)] exact4=True
  no admissible labeling found (search bounded)
[tri7x7] n=13: all-K4 subset FOUND [(0, 3), (1, 5), (2, 4), (3, 1), (3, 2), (3, 6), (4, 1), (4, 2), (4, 3), (5, 1), (5, 2), (5, 3), (6, 0)] exact4=False
  no admissible labeling found (search bounded)
[tri7x7] n=14: all-K4 subset FOUND [(0, 4), (0, 6), (1, 3), (1, 4), (2, 1), (2, 2), (2, 3), (2, 4), (2, 5), (3, 2), (3, 3), (3, 4), (3, 5), (4, 2)] exact4=False
  no admissible labeling found (search bounded)
[tri7x7] n=15: all-K4 subset FOUND [(0, 3), (0, 4), (1, 2), (1, 3), (1, 4), (2, 0), (2, 1), (2, 2), (2, 4), (2, 5), (3, 1), (3, 2), (3, 3), (4, 1), (5, 3)] exact4=False
  no admissible labeling found (search bounded)
[tri7x7] n=16: all-K4 subset FOUND [(0, 4), (1, 1), (2, 3), (2, 4), (2, 5), (3, 2), (3, 3), (3, 4), (4, 0), (4, 1), (4, 2), (4, 3), (5, 1), (5, 2), (5, 4), (6, 1)] exact4=False
  no admissible labeling found (search bounded)
[tri6x6] n=12: NO all-K4 subset found (8 seeds x 30k iters)
[tri6x6] n=13: NO all-K4 subset found (8 seeds x 30k iters)
[tri6x6] n=14: all-K4 subset FOUND [(0, 3), (1, 2), (1, 3), (1, 4), (1, 5), (2, 0), (2, 1), (2, 2), (2, 3), (2, 4), (3, 1), (3, 2), (4, 1), (4, 3)] exact4=False
  no admissible labeling found (search bounded)
[tri6x6] n=15: all-K4 subset FOUND [(0, 3), (1, 2), (1, 3), (1, 4), (2, 0), (2, 1), (2, 2), (2, 3), (2, 4), (3, 1), (3, 2), (3, 5), (4, 1), (4, 2), (5, 2)] exact4=False
  ADMISSIBLE LABELING FOUND: {"profile": [6, 6, 6], "U": [1, 2], "V": [2, 4], "W": [4, 2], "S": [[2, 0], [2, 3], [2, 4], [3, 2], [4, 1], [4, 2]], "O1": [[0, 3], [1, 2], [1, 4], [2, 2], [3, 1], [4, 2]], "O2": [[1, 2], [1, 3], [2, 1], [2, 4], [3, 5], [5, 2]], "classes": {"(2, 3)": [[1, 4], [2, 2], [2, 4], [3, 2]], "(4, 1)": [[1, 2], [1, 3], [2, 0], [2, 4]], "(3, 1)": [[0, 3], [1, 4], [2, 4], [5, 2]], "(2, 4)": [[0, 3], [1, 2], [3, 1], [4, 1]], "(2, 0)": [[0, 3], [1, 3], [3, 2], [4, 1]], "(3, 2)": [[2, 2], [2, 3], [4, 1], [4, 2]], "(0, 3)": [[2, 0], [2, 4], [3, 1], [3, 2]], "(1, 2)": [[0, 3], [1, 3], [2, 1], [2, 2]], "(2, 2)": [[1, 3], [2, 3], [3, 1], [3, 2]], "(5, 2)": [[2, 3], [2, 4], [3, 1], [3, 5]], "(4, 2)": [[1, 3], [1, 4], [2, 1], [3, 5]], "(1, 3)": [[0, 3], [1, 4], [2, 2], [2, 3]], "(3, 5)": [[1, 4], [2, 3], [4, 2], [5, 2]], "(2, 1)": [[1, 2], [2, 0], [2, 2], [3, 1]], "(1, 4)": [[2, 1], [3, 1], [3, 5], [4, 2]]}}
[tri6x6] n=16: all-K4 subset FOUND [(1, 2), (1, 3), (1, 4), (2, 1), (2, 2), (2, 3), (2, 4), (3, 1), (3, 3), (4, 0), (4, 1), (4, 2), (4, 3), (5, 0), (5, 1), (5, 2)] exact4=False
  ADMISSIBLE LABELING FOUND: {"profile": [7, 6, 6], "U": [1, 3], "V": [1, 2], "W": [4, 2], "S": [[1, 2], [1, 4], [2, 1], [2, 3], [3, 1], [3, 3], [4, 2]], "O1": [[1, 3], [4, 0], [4, 1], [4, 2], [5, 0], [5, 1]], "O2": [[1, 2], [1, 3], [2, 2], [2, 4], [4, 3], [5, 2]], "classes": {"(2, 4)": [[1, 2], [3, 1], [4, 1], [5, 2]], "(2, 1)": [[1, 4], [3, 3], [4, 2], [5, 0]], "(5, 0)": [[2, 1], [2, 2], [3, 3], [4, 3]], "(4, 1)": [[3, 1], [4, 0], [5, 0], [5, 1]], "(4, 3)": [[1, 4], [2, 2], [3, 1], [5, 0]], "(2, 2)": [[1, 2], [1, 3], [2, 1], [3, 1]], "(4, 2)": [[3, 3], [4, 3], [5, 1], [5, 2]], "(1, 4)": [[2, 1], [3, 1], [4, 2], [4, 3]], "(5, 2)": [[2, 3], [2, 4], [3, 1], [4, 0]], "(2, 3)": [[1, 3], [2, 2], [2, 4], [3, 3]], "(3, 3)": [[2, 3], [2, 4], [4, 2], [4, 3]], "(1, 2)": [[2, 4], [3, 3], [4, 0], [4, 1]], "(4, 0)": [[1, 2], [2, 3], [3, 3], [5, 2]], "(5, 1)": [[4, 1], [4, 2], [5, 0], [5, 2]], "(3, 1)": [[2, 1], [2, 2], [4, 0], [4, 1]], "(1, 3)": [[1, 2], [1, 4], [2, 2], [2, 3]]}}
[sq7x7] n=12: NO all-K4 subset found (8 seeds x 30k iters)
[sq7x7] n=13: NO all-K4 subset found (8 seeds x 30k iters)
[sq7x7] n=14: NO all-K4 subset found (8 seeds x 30k iters)
[sq7x7] n=15: NO all-K4 subset found (8 seeds x 30k iters)
[sq7x7] n=16: all-K4 subset FOUND [(0, 3), (1, 1), (1, 5), (2, 2), (2, 3), (2, 4), (3, 0), (3, 2), (3, 4), (3, 6), (4, 2), (4, 3), (4, 4), (5, 1), (5, 5), (6, 3)] exact4=True
  ADMISSIBLE LABELING FOUND: {"profile": [7, 6, 6], "U": [2, 2], "V": [2, 3], "W": [2, 4], "S": [[0, 3], [2, 3], [2, 4], [3, 4], [4, 2], [5, 1], [5, 5]], "O1": [[1, 5], [2, 2], [2, 4], [3, 0], [3, 2], [4, 4]], "O2": [[1, 1], [2, 2], [2, 3], [3, 6], [4, 3], [6, 3]], "classes": {"(4, 3)": [[2, 2], [2, 4], [5, 1], [5, 5]], "(5, 5)": [[3, 4], [3, 6], [4, 3], [6, 3]], "(3, 4)": [[1, 5], [2, 2], [4, 2], [5, 5]], "(3, 6)": [[1, 5], [2, 4], [4, 4], [5, 5]], "(6, 3)": [[4, 2], [4, 4], [5, 1], [5, 5]], "(5, 1)": [[3, 0], [3, 2], [4, 3], [6, 3]], "(4, 2)": [[2, 3], [3, 0], [3, 4], [6, 3]], "(2, 4)": [[0, 3], [3, 2], [3, 6], [4, 3]], "(4, 4)": [[2, 3], [3, 2], [3, 6], [6, 3]], "(2, 3)": [[1, 1], [1, 5], [4, 2], [4, 4]], "(3, 0)": [[1, 1], [2, 2], [4, 2], [5, 1]], "(1, 5)": [[0, 3], [2, 3], [3, 4], [3, 6]], "(0, 3)": [[1, 1], [1, 5], [2, 2], [2, 4]], "(2, 2)": [[0, 3], [3, 0], [3, 4], [4, 3]], "(1, 1)": [[0, 3], [2, 3], [3, 0], [3, 2]], "(3, 2)": [[1, 1], [2, 4], [4, 4], [5, 1]]}}
total realizable-admissible witnesses: 3
