# regenerated 60 cubes for 754 (n=13)
# stage1: dead 20 alive 40
# mining stage1-dead cube 0 ...
    k=3: checked 7 induced subsystems, dead: 0
    k=4: checked 196 induced subsystems, dead: 0
    k=5: checked 928 induced subsystems, dead: 6
  -> k* = 5; cores at k*: 6
     P=(0, 1, 3, 9, 10) R=6
     P=(0, 2, 3, 6, 12) R=6
     P=(0, 2, 3, 10, 12) R=6
     P=(0, 5, 6, 7, 10) R=6
# mining stage1-dead cube 1 ...
    k=3: checked 8 induced subsystems, dead: 0
    k=4: checked 198 induced subsystems, dead: 0
    k=5: checked 943 induced subsystems, dead: 3
  -> k* = 5; cores at k*: 3
     P=(3, 4, 5, 8, 9) R=7
     P=(3, 4, 5, 9, 12) R=6
     P=(3, 7, 8, 10, 11) R=6
# mining stage2-dead cube 0 ...
    k=3: checked 7 induced subsystems, dead: 0
    k=4: checked 185 induced subsystems, dead: 1
  -> k* = 4; cores at k*: 1
     P=(1, 8, 9, 11) R=5
# mining stage2-dead cube 1 ...
    k=3: checked 4 induced subsystems, dead: 0
    k=4: checked 195 induced subsystems, dead: 0
    k=5: checked 966 induced subsystems, dead: 0
