V0o2_WV0_o2i no-witness-in-menu
V0o2_WVU_o2i no-witness-in-menu
V0o2_WVo1_o2i_o1d no-witness-in-menu
V0o2_WsU_o2i no-witness-in-menu
V0o2_Wso1_o2d_o1d no-witness-in-menu
V0o2_Wso1_o2d_o1i witness
V0o2_Wso1_o2i_o1d witness
VW0_Wso1_o1i no-witness-in-menu
VWU_Wso1_o1i no-witness-in-menu
VWo2_WVo1_o2d_o1d no-witness-in-menu
VWo2_WsU_o2i no-witness-in-menu
VWo2_Wso1_o2d_o1i no-witness-in-menu
VWo2_Wso1_o2i_o1d no-witness-in-menu
Vs0_Ws0_sshared no-witness-in-menu
Vs0_WsU_sshared no-witness-in-menu
Vs0_Wso1_o1d_sshared no-witness-in-menu
Vs0_Wso1_o1d_ssep witness
Vs0_Wso1_o1i_sshared no-witness-in-menu
Vs0_Wso1_o1i_ssep witness
VsU_Wso1_o1d_sshared no-witness-in-menu
VsU_Wso1_o1i_sshared no-witness-in-menu
VsU_Wso1_o1i_ssep no-witness-in-menu
Vso2_Wso1_o2d_o1d_sshared no-witness-in-menu
Vso2_Wso1_o2d_o1d_ssep witness
Vso2_Wso1_o2d_o1i_sshared no-witness-in-menu
Vso2_Wso1_o2d_o1i_ssep no-witness-in-menu
