# cube 0: min_support=6 n_cores=4 sigs=[[1, 2, 3, 3, 3, 4], [2, 2, 2, 3, 3, 3], [2, 2, 2, 3, 3, 3], [1, 2, 2, 3, 3, 3]] stars=[1, 0, 0, 0] (2.0s)
# cube 1: min_support=6 n_cores=3 sigs=[[0, 2, 3, 3, 3, 3], [2, 2, 3, 3, 3, 3], [2, 2, 3, 3, 3, 4]] stars=[0, 0, 1] (2.7s)
# cube 2: min_support=6 n_cores=1 sigs=[[1, 2, 3, 3, 3, 3]] stars=[0] (1.7s)
# cube 3: min_support=7 n_cores=1 sigs=[[1, 3, 3, 3, 3, 3, 4]] stars=[1] (40.2s)
# cube 4: min_support=6 n_cores=2 sigs=[[2, 2, 3, 3, 3, 3], [1, 2, 3, 3, 3, 4]] stars=[0, 1] (2.1s)
# cube 5: min_support=5 n_cores=1 sigs=[[0, 3, 3, 3, 4]] stars=[1] (0.6s)
# cube 6: min_support=4 n_cores=1 sigs=[[0, 3, 3, 3]] stars=[0] (0.1s)
# cube 7: min_support=7 n_cores=9 sigs=[[2, 2, 2, 2, 3, 3, 4], [2, 2, 2, 3, 3, 3, 4], [2, 2, 3, 3, 3, 3, 3], [1, 2, 3, 3, 3, 3, 3], [2, 2, 3, 3, 3, 3, 3], [2, 2, 2, 3, 3, 3, 3], [2, 2, 2, 3, 3, 3, 3], [2, 2, 3, 3, 3, 3, 3], [2, 2, 2, 2, 3, 3, 4]] stars=[1, 1, 0, 0, 0, 0, 0, 0, 1] (45.2s)
# cube 8: min_support=7 n_cores=2 sigs=[[1, 2, 3, 3, 3, 3, 3], [2, 2, 2, 2, 3, 3, 4]] stars=[0, 1] (39.7s)
# cube 9: min_support=5 n_cores=1 sigs=[[2, 2, 2, 3, 4]] stars=[1] (0.5s)
# cube 10: min_support=7 n_cores=6 sigs=[[1, 1, 3, 3, 3, 3, 4], [2, 2, 2, 2, 3, 4, 4], [1, 2, 2, 3, 3, 4, 4], [1, 2, 2, 3, 3, 3, 4], [1, 2, 2, 3, 3, 3, 4], [1, 2, 2, 3, 3, 3, 4]] stars=[1, 2, 2, 1, 1, 1] (36.4s)
# cube 11: min_support=5 n_cores=1 sigs=[[1, 2, 2, 3, 4]] stars=[1] (0.7s)
# cube 12: min_support=6 n_cores=1 sigs=[[2, 2, 3, 3, 3, 3]] stars=[0] (5.5s)
# cube 13: min_support=6 n_cores=4 sigs=[[2, 2, 2, 3, 3, 3], [2, 2, 2, 3, 3, 3], [2, 2, 3, 3, 3, 3], [1, 2, 2, 3, 3, 4]] stars=[0, 0, 0, 1] (2.0s)
# cube 14: min_support=7 n_cores=3 sigs=[[1, 2, 2, 3, 3, 3, 4], [2, 2, 2, 3, 3, 3, 4], [2, 2, 2, 3, 3, 3, 4]] stars=[1, 1, 1] (36.9s)
# cube 15: min_support=6 n_cores=2 sigs=[[1, 2, 2, 3, 3, 4], [2, 2, 2, 2, 3, 4]] stars=[1, 1] (16.6s)
# cube 16: min_support=6 n_cores=1 sigs=[[2, 2, 2, 2, 3, 3]] stars=[0] (2.1s)
# cube 17: min_support=7 n_cores=1 sigs=[[1, 2, 3, 3, 3, 3, 3]] stars=[0] (34.2s)
# cube 18: min_support=7 n_cores=1 sigs=[[1, 2, 2, 3, 3, 3, 4]] stars=[1] (66.9s)
# cube 19: min_support=7 n_cores=3 sigs=[[2, 2, 2, 3, 3, 3, 4], [2, 2, 2, 3, 3, 3, 4], [2, 2, 2, 3, 3, 4, 4]] stars=[1, 1, 2] (42.9s)
# cube 20: min_support=6 n_cores=1 sigs=[[2, 2, 3, 3, 3, 4]] stars=[1] (6.5s)
# cube 21: min_support=6 n_cores=1 sigs=[[1, 2, 2, 3, 3, 3]] stars=[0] (16.1s)
# cube 22: min_support=6 n_cores=1 sigs=[[1, 2, 3, 3, 3, 3]] stars=[0] (5.2s)
