# cube 0: min_support=6 n_cores=3 sigs=[[2, 2, 2, 3, 3, 3], [2, 2, 3, 3, 3, 3], [2, 2, 3, 3, 3, 4]] stars=[0, 0, 1] (1.8s)
# cube 1: min_support=5 n_cores=1 sigs=[[0, 2, 3, 3, 3]] stars=[0] (0.5s)
# cube 2: min_support=6 n_cores=2 sigs=[[0, 1, 3, 3, 3, 4], [1, 2, 2, 2, 3, 4]] stars=[1, 1] (2.0s)
# cube 3: min_support=6 n_cores=1 sigs=[[0, 2, 3, 3, 3, 4]] stars=[1] (4.4s)
# cube 4: min_support=7 n_cores=3 sigs=[[1, 2, 2, 3, 3, 3, 4], [0, 2, 3, 3, 3, 3, 4], [1, 2, 3, 3, 3, 3, 4]] stars=[1, 1, 1] (37.8s)
# cube 5: min_support=5 n_cores=1 sigs=[[1, 2, 2, 3, 3]] stars=[0] (0.4s)
# cube 6: min_support=6 n_cores=1 sigs=[[1, 2, 3, 3, 3, 3]] stars=[0] (1.9s)
# cube 7: min_support=7 n_cores=8 sigs=[[1, 1, 2, 3, 3, 4, 4], [2, 2, 2, 2, 3, 3, 4], [2, 2, 2, 2, 3, 3, 4], [2, 2, 2, 3, 3, 3, 4], [1, 2, 3, 3, 3, 3, 4], [1, 2, 2, 3, 3, 4, 4], [2, 2, 2, 3, 3, 3, 4], [1, 2, 2, 3, 3, 3, 4]] stars=[2, 1, 1, 1, 1, 2, 1, 1] (36.5s)
# cube 8: min_support=5 n_cores=1 sigs=[[1, 2, 2, 3, 4]] stars=[1] (0.5s)
# cube 9: min_support=7 n_cores=2 sigs=[[1, 2, 3, 3, 3, 4, 4], [1, 2, 3, 3, 3, 3, 4]] stars=[2, 1] (25.9s)
# cube 10: min_support=7 n_cores=1 sigs=[[1, 2, 2, 3, 3, 3, 4]] stars=[1] (25.3s)
# cube 11: min_support=5 n_cores=1 sigs=[[1, 2, 3, 3, 3]] stars=[0] (0.5s)
# cube 12: min_support=4 n_cores=1 sigs=[[2, 2, 2, 3]] stars=[0] (0.1s)
# cube 13: min_support=7 n_cores=2 sigs=[[2, 2, 2, 3, 3, 3, 3], [2, 2, 3, 3, 3, 3, 3]] stars=[0, 0] (53.2s)
# cube 14: min_support=7 n_cores=1 sigs=[[1, 2, 3, 3, 3, 3, 4]] stars=[1] (54.7s)
# cube 15: min_support=7 n_cores=1 sigs=[[0, 2, 3, 3, 3, 3, 3]] stars=[0] (12.2s)
# cube 16: min_support=7 n_cores=6 sigs=[[2, 2, 2, 2, 3, 3, 4], [2, 2, 2, 3, 3, 3, 3], [1, 2, 2, 3, 3, 3, 4], [1, 2, 3, 3, 3, 3, 4], [1, 2, 3, 3, 3, 3, 3], [2, 3, 3, 3, 3, 3, 3]] stars=[1, 0, 1, 1, 0, 0] (20.9s)
# cube 17: min_support=7 n_cores=4 sigs=[[2, 2, 2, 3, 3, 3, 4], [1, 2, 3, 3, 3, 3, 4], [2, 2, 2, 3, 3, 3, 4], [2, 2, 3, 3, 3, 3, 3]] stars=[1, 1, 1, 0] (44.0s)
# cube 18: min_support=6 n_cores=2 sigs=[[0, 2, 3, 3, 3, 3], [0, 2, 2, 3, 3, 4]] stars=[0, 1] (2.6s)
# cube 19: min_support=7 n_cores=3 sigs=[[2, 2, 2, 3, 3, 3, 3], [2, 2, 2, 3, 3, 3, 3], [1, 2, 3, 3, 3, 3, 3]] stars=[0, 0, 0] (103.6s)
